{"D:\\Study\\Fall2019\\CIS557\\project\\asset\\public\\javascripts\\DynamicController.js": {"path":"D:\\Study\\Fall2019\\CIS557\\project\\asset\\public\\javascripts\\DynamicController.js","statementMap":{"0":{"start":{"line":4,"column":0},"end":{"line":8,"column":1}},"1":{"start":{"line":5,"column":2},"end":{"line":5,"column":32}},"2":{"start":{"line":7,"column":2},"end":{"line":7,"column":36}},"3":{"start":{"line":10,"column":0},"end":{"line":224,"column":3}},"4":{"start":{"line":11,"column":19},"end":{"line":11,"column":50}},"5":{"start":{"line":13,"column":2},"end":{"line":69,"column":4}},"6":{"start":{"line":14,"column":19},"end":{"line":14,"column":68}},"7":{"start":{"line":15,"column":23},"end":{"line":15,"column":71}},"8":{"start":{"line":16,"column":4},"end":{"line":68,"column":5}},"9":{"start":{"line":18,"column":6},"end":{"line":42,"column":8}},"10":{"start":{"line":31,"column":10},"end":{"line":37,"column":11}},"11":{"start":{"line":32,"column":12},"end":{"line":32,"column":94}},"12":{"start":{"line":33,"column":12},"end":{"line":33,"column":72}},"13":{"start":{"line":34,"column":12},"end":{"line":34,"column":83}},"14":{"start":{"line":36,"column":12},"end":{"line":36,"column":160}},"15":{"start":{"line":40,"column":10},"end":{"line":40,"column":57}},"16":{"start":{"line":43,"column":11},"end":{"line":68,"column":5}},"17":{"start":{"line":44,"column":6},"end":{"line":67,"column":8}},"18":{"start":{"line":57,"column":10},"end":{"line":62,"column":11}},"19":{"start":{"line":58,"column":12},"end":{"line":58,"column":94}},"20":{"start":{"line":59,"column":12},"end":{"line":59,"column":73}},"21":{"start":{"line":60,"column":12},"end":{"line":60,"column":79}},"22":{"start":{"line":61,"column":12},"end":{"line":61,"column":160}},"23":{"start":{"line":65,"column":10},"end":{"line":65,"column":60}},"24":{"start":{"line":71,"column":2},"end":{"line":85,"column":4}},"25":{"start":{"line":72,"column":23},"end":{"line":72,"column":50}},"26":{"start":{"line":73,"column":4},"end":{"line":84,"column":5}},"27":{"start":{"line":74,"column":21},"end":{"line":74,"column":70}},"28":{"start":{"line":75,"column":6},"end":{"line":75,"column":80}},"29":{"start":{"line":76,"column":11},"end":{"line":84,"column":5}},"30":{"start":{"line":77,"column":21},"end":{"line":77,"column":70}},"31":{"start":{"line":78,"column":6},"end":{"line":78,"column":82}},"32":{"start":{"line":79,"column":11},"end":{"line":84,"column":5}},"33":{"start":{"line":80,"column":24},"end":{"line":80,"column":73}},"34":{"start":{"line":81,"column":6},"end":{"line":81,"column":88}},"35":{"start":{"line":83,"column":6},"end":{"line":83,"column":40}},"36":{"start":{"line":87,"column":2},"end":{"line":155,"column":4}},"37":{"start":{"line":88,"column":19},"end":{"line":88,"column":68}},"38":{"start":{"line":89,"column":17},"end":{"line":89,"column":74}},"39":{"start":{"line":90,"column":16},"end":{"line":90,"column":26}},"40":{"start":{"line":91,"column":17},"end":{"line":91,"column":34}},"41":{"start":{"line":92,"column":16},"end":{"line":92,"column":34}},"42":{"start":{"line":93,"column":4},"end":{"line":95,"column":5}},"43":{"start":{"line":94,"column":6},"end":{"line":94,"column":34}},"44":{"start":{"line":96,"column":15},"end":{"line":96,"column":28}},"45":{"start":{"line":97,"column":4},"end":{"line":99,"column":5}},"46":{"start":{"line":98,"column":6},"end":{"line":98,"column":32}},"47":{"start":{"line":100,"column":15},"end":{"line":100,"column":29}},"48":{"start":{"line":101,"column":4},"end":{"line":103,"column":5}},"49":{"start":{"line":102,"column":6},"end":{"line":102,"column":32}},"50":{"start":{"line":104,"column":17},"end":{"line":104,"column":33}},"51":{"start":{"line":105,"column":4},"end":{"line":107,"column":5}},"52":{"start":{"line":106,"column":6},"end":{"line":106,"column":36}},"53":{"start":{"line":108,"column":16},"end":{"line":108,"column":28}},"54":{"start":{"line":109,"column":19},"end":{"line":109,"column":28}},"55":{"start":{"line":110,"column":4},"end":{"line":110,"column":28}},"56":{"start":{"line":111,"column":4},"end":{"line":111,"column":29}},"57":{"start":{"line":112,"column":4},"end":{"line":112,"column":31}},"58":{"start":{"line":113,"column":4},"end":{"line":113,"column":30}},"59":{"start":{"line":114,"column":4},"end":{"line":114,"column":28}},"60":{"start":{"line":115,"column":4},"end":{"line":115,"column":30}},"61":{"start":{"line":116,"column":4},"end":{"line":116,"column":28}},"62":{"start":{"line":117,"column":15},"end":{"line":117,"column":80}},"63":{"start":{"line":118,"column":18},"end":{"line":118,"column":85}},"64":{"start":{"line":120,"column":21},"end":{"line":120,"column":36}},"65":{"start":{"line":121,"column":17},"end":{"line":121,"column":19}},"66":{"start":{"line":122,"column":4},"end":{"line":129,"column":5}},"67":{"start":{"line":123,"column":6},"end":{"line":128,"column":7}},"68":{"start":{"line":123,"column":23},"end":{"line":123,"column":24}},"69":{"start":{"line":124,"column":29},"end":{"line":124,"column":85}},"70":{"start":{"line":125,"column":8},"end":{"line":127,"column":9}},"71":{"start":{"line":126,"column":10},"end":{"line":126,"column":43}},"72":{"start":{"line":130,"column":4},"end":{"line":154,"column":6}},"73":{"start":{"line":145,"column":8},"end":{"line":148,"column":9}},"74":{"start":{"line":146,"column":10},"end":{"line":146,"column":47}},"75":{"start":{"line":147,"column":10},"end":{"line":147,"column":59}},"76":{"start":{"line":151,"column":8},"end":{"line":151,"column":65}},"77":{"start":{"line":152,"column":8},"end":{"line":152,"column":57}},"78":{"start":{"line":158,"column":2},"end":{"line":180,"column":4}},"79":{"start":{"line":159,"column":4},"end":{"line":179,"column":6}},"80":{"start":{"line":171,"column":8},"end":{"line":174,"column":9}},"81":{"start":{"line":172,"column":10},"end":{"line":172,"column":33}},"82":{"start":{"line":173,"column":10},"end":{"line":173,"column":60}},"83":{"start":{"line":176,"column":8},"end":{"line":176,"column":61}},"84":{"start":{"line":177,"column":8},"end":{"line":177,"column":58}},"85":{"start":{"line":182,"column":2},"end":{"line":204,"column":4}},"86":{"start":{"line":183,"column":4},"end":{"line":203,"column":6}},"87":{"start":{"line":195,"column":8},"end":{"line":198,"column":9}},"88":{"start":{"line":196,"column":10},"end":{"line":196,"column":36}},"89":{"start":{"line":197,"column":10},"end":{"line":197,"column":63}},"90":{"start":{"line":200,"column":8},"end":{"line":200,"column":61}},"91":{"start":{"line":201,"column":8},"end":{"line":201,"column":61}},"92":{"start":{"line":206,"column":2},"end":{"line":223,"column":4}},"93":{"start":{"line":207,"column":4},"end":{"line":222,"column":6}},"94":{"start":{"line":215,"column":8},"end":{"line":218,"column":9}},"95":{"start":{"line":216,"column":10},"end":{"line":216,"column":33}},"96":{"start":{"line":217,"column":10},"end":{"line":217,"column":40}},"97":{"start":{"line":220,"column":8},"end":{"line":220,"column":54}}},"fnMap":{"0":{"name":"(anonymous_0)","decl":{"start":{"line":10,"column":36},"end":{"line":10,"column":37}},"loc":{"start":{"line":10,"column":59},"end":{"line":224,"column":1}},"line":10},"1":{"name":"(anonymous_1)","decl":{"start":{"line":13,"column":19},"end":{"line":13,"column":20}},"loc":{"start":{"line":13,"column":32},"end":{"line":69,"column":3}},"line":13},"2":{"name":"(anonymous_2)","decl":{"start":{"line":30,"column":8},"end":{"line":30,"column":9}},"loc":{"start":{"line":30,"column":17},"end":{"line":38,"column":9}},"line":30},"3":{"name":"(anonymous_3)","decl":{"start":{"line":39,"column":8},"end":{"line":39,"column":9}},"loc":{"start":{"line":39,"column":17},"end":{"line":41,"column":9}},"line":39},"4":{"name":"(anonymous_4)","decl":{"start":{"line":56,"column":8},"end":{"line":56,"column":9}},"loc":{"start":{"line":56,"column":17},"end":{"line":63,"column":9}},"line":56},"5":{"name":"(anonymous_5)","decl":{"start":{"line":64,"column":8},"end":{"line":64,"column":9}},"loc":{"start":{"line":64,"column":17},"end":{"line":66,"column":9}},"line":64},"6":{"name":"(anonymous_6)","decl":{"start":{"line":71,"column":22},"end":{"line":71,"column":23}},"loc":{"start":{"line":71,"column":35},"end":{"line":85,"column":3}},"line":71},"7":{"name":"(anonymous_7)","decl":{"start":{"line":87,"column":22},"end":{"line":87,"column":23}},"loc":{"start":{"line":87,"column":35},"end":{"line":155,"column":3}},"line":87},"8":{"name":"(anonymous_8)","decl":{"start":{"line":144,"column":6},"end":{"line":144,"column":7}},"loc":{"start":{"line":144,"column":15},"end":{"line":149,"column":7}},"line":144},"9":{"name":"(anonymous_9)","decl":{"start":{"line":150,"column":6},"end":{"line":150,"column":7}},"loc":{"start":{"line":150,"column":15},"end":{"line":153,"column":7}},"line":150},"10":{"name":"(anonymous_10)","decl":{"start":{"line":158,"column":22},"end":{"line":158,"column":23}},"loc":{"start":{"line":158,"column":28},"end":{"line":180,"column":3}},"line":158},"11":{"name":"(anonymous_11)","decl":{"start":{"line":170,"column":6},"end":{"line":170,"column":7}},"loc":{"start":{"line":170,"column":15},"end":{"line":175,"column":7}},"line":170},"12":{"name":"(anonymous_12)","decl":{"start":{"line":175,"column":9},"end":{"line":175,"column":10}},"loc":{"start":{"line":175,"column":18},"end":{"line":178,"column":7}},"line":175},"13":{"name":"(anonymous_13)","decl":{"start":{"line":182,"column":25},"end":{"line":182,"column":26}},"loc":{"start":{"line":182,"column":31},"end":{"line":204,"column":3}},"line":182},"14":{"name":"(anonymous_14)","decl":{"start":{"line":194,"column":6},"end":{"line":194,"column":7}},"loc":{"start":{"line":194,"column":15},"end":{"line":199,"column":7}},"line":194},"15":{"name":"(anonymous_15)","decl":{"start":{"line":199,"column":9},"end":{"line":199,"column":10}},"loc":{"start":{"line":199,"column":18},"end":{"line":202,"column":7}},"line":199},"16":{"name":"(anonymous_16)","decl":{"start":{"line":206,"column":18},"end":{"line":206,"column":19}},"loc":{"start":{"line":206,"column":24},"end":{"line":223,"column":3}},"line":206},"17":{"name":"(anonymous_17)","decl":{"start":{"line":214,"column":6},"end":{"line":214,"column":7}},"loc":{"start":{"line":214,"column":15},"end":{"line":219,"column":7}},"line":214},"18":{"name":"(anonymous_18)","decl":{"start":{"line":219,"column":9},"end":{"line":219,"column":10}},"loc":{"start":{"line":219,"column":18},"end":{"line":221,"column":7}},"line":219}},"branchMap":{"0":{"loc":{"start":{"line":16,"column":4},"end":{"line":68,"column":5}},"type":"if","locations":[{"start":{"line":16,"column":4},"end":{"line":68,"column":5}},{"start":{"line":16,"column":4},"end":{"line":68,"column":5}}],"line":16},"1":{"loc":{"start":{"line":31,"column":10},"end":{"line":37,"column":11}},"type":"if","locations":[{"start":{"line":31,"column":10},"end":{"line":37,"column":11}},{"start":{"line":31,"column":10},"end":{"line":37,"column":11}}],"line":31},"2":{"loc":{"start":{"line":43,"column":11},"end":{"line":68,"column":5}},"type":"if","locations":[{"start":{"line":43,"column":11},"end":{"line":68,"column":5}},{"start":{"line":43,"column":11},"end":{"line":68,"column":5}}],"line":43},"3":{"loc":{"start":{"line":57,"column":10},"end":{"line":62,"column":11}},"type":"if","locations":[{"start":{"line":57,"column":10},"end":{"line":62,"column":11}},{"start":{"line":57,"column":10},"end":{"line":62,"column":11}}],"line":57},"4":{"loc":{"start":{"line":73,"column":4},"end":{"line":84,"column":5}},"type":"if","locations":[{"start":{"line":73,"column":4},"end":{"line":84,"column":5}},{"start":{"line":73,"column":4},"end":{"line":84,"column":5}}],"line":73},"5":{"loc":{"start":{"line":76,"column":11},"end":{"line":84,"column":5}},"type":"if","locations":[{"start":{"line":76,"column":11},"end":{"line":84,"column":5}},{"start":{"line":76,"column":11},"end":{"line":84,"column":5}}],"line":76},"6":{"loc":{"start":{"line":79,"column":11},"end":{"line":84,"column":5}},"type":"if","locations":[{"start":{"line":79,"column":11},"end":{"line":84,"column":5}},{"start":{"line":79,"column":11},"end":{"line":84,"column":5}}],"line":79},"7":{"loc":{"start":{"line":93,"column":4},"end":{"line":95,"column":5}},"type":"if","locations":[{"start":{"line":93,"column":4},"end":{"line":95,"column":5}},{"start":{"line":93,"column":4},"end":{"line":95,"column":5}}],"line":93},"8":{"loc":{"start":{"line":97,"column":4},"end":{"line":99,"column":5}},"type":"if","locations":[{"start":{"line":97,"column":4},"end":{"line":99,"column":5}},{"start":{"line":97,"column":4},"end":{"line":99,"column":5}}],"line":97},"9":{"loc":{"start":{"line":101,"column":4},"end":{"line":103,"column":5}},"type":"if","locations":[{"start":{"line":101,"column":4},"end":{"line":103,"column":5}},{"start":{"line":101,"column":4},"end":{"line":103,"column":5}}],"line":101},"10":{"loc":{"start":{"line":105,"column":4},"end":{"line":107,"column":5}},"type":"if","locations":[{"start":{"line":105,"column":4},"end":{"line":107,"column":5}},{"start":{"line":105,"column":4},"end":{"line":107,"column":5}}],"line":105},"11":{"loc":{"start":{"line":122,"column":4},"end":{"line":129,"column":5}},"type":"if","locations":[{"start":{"line":122,"column":4},"end":{"line":129,"column":5}},{"start":{"line":122,"column":4},"end":{"line":129,"column":5}}],"line":122},"12":{"loc":{"start":{"line":125,"column":8},"end":{"line":127,"column":9}},"type":"if","locations":[{"start":{"line":125,"column":8},"end":{"line":127,"column":9}},{"start":{"line":125,"column":8},"end":{"line":127,"column":9}}],"line":125},"13":{"loc":{"start":{"line":145,"column":8},"end":{"line":148,"column":9}},"type":"if","locations":[{"start":{"line":145,"column":8},"end":{"line":148,"column":9}},{"start":{"line":145,"column":8},"end":{"line":148,"column":9}}],"line":145},"14":{"loc":{"start":{"line":171,"column":8},"end":{"line":174,"column":9}},"type":"if","locations":[{"start":{"line":171,"column":8},"end":{"line":174,"column":9}},{"start":{"line":171,"column":8},"end":{"line":174,"column":9}}],"line":171},"15":{"loc":{"start":{"line":195,"column":8},"end":{"line":198,"column":9}},"type":"if","locations":[{"start":{"line":195,"column":8},"end":{"line":198,"column":9}},{"start":{"line":195,"column":8},"end":{"line":198,"column":9}}],"line":195},"16":{"loc":{"start":{"line":215,"column":8},"end":{"line":218,"column":9}},"type":"if","locations":[{"start":{"line":215,"column":8},"end":{"line":218,"column":9}},{"start":{"line":215,"column":8},"end":{"line":218,"column":9}}],"line":215}},"s":{"0":1,"1":1,"2":1,"3":1,"4":12,"5":12,"6":2,"7":2,"8":2,"9":1,"10":1,"11":1,"12":1,"13":1,"14":1,"15":0,"16":1,"17":1,"18":1,"19":1,"20":1,"21":1,"22":1,"23":0,"24":12,"25":3,"26":3,"27":1,"28":1,"29":2,"30":1,"31":1,"32":1,"33":1,"34":1,"35":0,"36":12,"37":2,"38":2,"39":2,"40":2,"41":2,"42":2,"43":0,"44":2,"45":2,"46":2,"47":2,"48":2,"49":0,"50":2,"51":2,"52":0,"53":2,"54":2,"55":2,"56":2,"57":2,"58":2,"59":2,"60":2,"61":2,"62":2,"63":2,"64":2,"65":2,"66":2,"67":2,"68":2,"69":0,"70":0,"71":0,"72":2,"73":1,"74":1,"75":1,"76":1,"77":1,"78":12,"79":2,"80":1,"81":1,"82":1,"83":1,"84":1,"85":12,"86":2,"87":1,"88":1,"89":1,"90":1,"91":1,"92":12,"93":1,"94":1,"95":1,"96":1,"97":0},"f":{"0":12,"1":2,"2":1,"3":0,"4":1,"5":0,"6":3,"7":2,"8":1,"9":1,"10":2,"11":1,"12":1,"13":2,"14":1,"15":1,"16":1,"17":1,"18":0},"b":{"0":[1,1],"1":[1,0],"2":[1,0],"3":[1,0],"4":[1,2],"5":[1,1],"6":[1,0],"7":[0,2],"8":[2,0],"9":[0,2],"10":[0,2],"11":[2,0],"12":[0,0],"13":[1,0],"14":[1,0],"15":[1,0],"16":[1,0]},"_coverageSchema":"43e27e138ebf9cfc5966b082cf9a028302ed4184","hash":"e3cfcc3f726b7ccba37a7786cca344ed0765901e"}
,"D:\\Study\\Fall2019\\CIS557\\project\\asset\\public\\javascripts\\FriendController.js": {"path":"D:\\Study\\Fall2019\\CIS557\\project\\asset\\public\\javascripts\\FriendController.js","statementMap":{"0":{"start":{"line":1,"column":10},"end":{"line":1,"column":36}},"1":{"start":{"line":3,"column":0},"end":{"line":32,"column":3}},"2":{"start":{"line":4,"column":2},"end":{"line":31,"column":4}},"3":{"start":{"line":5,"column":21},"end":{"line":5,"column":52}},"4":{"start":{"line":6,"column":21},"end":{"line":6,"column":50}},"5":{"start":{"line":7,"column":4},"end":{"line":30,"column":6}},"6":{"start":{"line":19,"column":8},"end":{"line":23,"column":9}},"7":{"start":{"line":20,"column":10},"end":{"line":20,"column":81}},"8":{"start":{"line":21,"column":15},"end":{"line":23,"column":9}},"9":{"start":{"line":22,"column":10},"end":{"line":22,"column":59}},"10":{"start":{"line":25,"column":8},"end":{"line":27,"column":9}},"11":{"start":{"line":26,"column":10},"end":{"line":26,"column":36}},"12":{"start":{"line":28,"column":8},"end":{"line":28,"column":47}},"13":{"start":{"line":34,"column":0},"end":{"line":93,"column":3}},"14":{"start":{"line":35,"column":19},"end":{"line":35,"column":50}},"15":{"start":{"line":36,"column":2},"end":{"line":52,"column":4}},"16":{"start":{"line":47,"column":6},"end":{"line":47,"column":28}},"17":{"start":{"line":48,"column":6},"end":{"line":48,"column":34}},"18":{"start":{"line":50,"column":6},"end":{"line":50,"column":59}},"19":{"start":{"line":54,"column":2},"end":{"line":70,"column":4}},"20":{"start":{"line":65,"column":6},"end":{"line":65,"column":28}},"21":{"start":{"line":66,"column":6},"end":{"line":66,"column":33}},"22":{"start":{"line":68,"column":6},"end":{"line":68,"column":58}},"23":{"start":{"line":72,"column":2},"end":{"line":92,"column":4}},"24":{"start":{"line":73,"column":21},"end":{"line":73,"column":50}},"25":{"start":{"line":74,"column":4},"end":{"line":91,"column":6}},"26":{"start":{"line":83,"column":8},"end":{"line":87,"column":9}},"27":{"start":{"line":84,"column":10},"end":{"line":84,"column":79}},"28":{"start":{"line":85,"column":15},"end":{"line":87,"column":9}},"29":{"start":{"line":86,"column":10},"end":{"line":86,"column":59}},"30":{"start":{"line":89,"column":8},"end":{"line":89,"column":59}},"31":{"start":{"line":95,"column":0},"end":{"line":142,"column":3}},"32":{"start":{"line":96,"column":19},"end":{"line":96,"column":50}},"33":{"start":{"line":97,"column":2},"end":{"line":112,"column":4}},"34":{"start":{"line":108,"column":6},"end":{"line":108,"column":32}},"35":{"start":{"line":110,"column":6},"end":{"line":110,"column":70}},"36":{"start":{"line":114,"column":2},"end":{"line":141,"column":4}},"37":{"start":{"line":115,"column":19},"end":{"line":115,"column":56}},"38":{"start":{"line":116,"column":19},"end":{"line":116,"column":46}},"39":{"start":{"line":117,"column":4},"end":{"line":140,"column":6}},"40":{"start":{"line":130,"column":8},"end":{"line":136,"column":9}},"41":{"start":{"line":131,"column":10},"end":{"line":131,"column":30}},"42":{"start":{"line":132,"column":10},"end":{"line":132,"column":40}},"43":{"start":{"line":133,"column":15},"end":{"line":136,"column":9}},"44":{"start":{"line":134,"column":10},"end":{"line":134,"column":32}},"45":{"start":{"line":135,"column":10},"end":{"line":135,"column":38}},"46":{"start":{"line":138,"column":8},"end":{"line":138,"column":53}}},"fnMap":{"0":{"name":"(anonymous_0)","decl":{"start":{"line":3,"column":35},"end":{"line":3,"column":36}},"loc":{"start":{"line":3,"column":59},"end":{"line":32,"column":1}},"line":3},"1":{"name":"(anonymous_1)","decl":{"start":{"line":4,"column":22},"end":{"line":4,"column":23}},"loc":{"start":{"line":4,"column":28},"end":{"line":31,"column":3}},"line":4},"2":{"name":"(anonymous_2)","decl":{"start":{"line":18,"column":6},"end":{"line":18,"column":7}},"loc":{"start":{"line":18,"column":15},"end":{"line":24,"column":7}},"line":18},"3":{"name":"(anonymous_3)","decl":{"start":{"line":24,"column":9},"end":{"line":24,"column":10}},"loc":{"start":{"line":24,"column":18},"end":{"line":29,"column":7}},"line":24},"4":{"name":"(anonymous_4)","decl":{"start":{"line":34,"column":39},"end":{"line":34,"column":40}},"loc":{"start":{"line":34,"column":63},"end":{"line":93,"column":1}},"line":34},"5":{"name":"(anonymous_5)","decl":{"start":{"line":46,"column":4},"end":{"line":46,"column":5}},"loc":{"start":{"line":46,"column":13},"end":{"line":49,"column":5}},"line":46},"6":{"name":"(anonymous_6)","decl":{"start":{"line":49,"column":7},"end":{"line":49,"column":8}},"loc":{"start":{"line":49,"column":16},"end":{"line":51,"column":5}},"line":49},"7":{"name":"(anonymous_7)","decl":{"start":{"line":64,"column":4},"end":{"line":64,"column":5}},"loc":{"start":{"line":64,"column":13},"end":{"line":67,"column":5}},"line":64},"8":{"name":"(anonymous_8)","decl":{"start":{"line":67,"column":7},"end":{"line":67,"column":8}},"loc":{"start":{"line":67,"column":16},"end":{"line":69,"column":5}},"line":67},"9":{"name":"(anonymous_9)","decl":{"start":{"line":72,"column":21},"end":{"line":72,"column":22}},"loc":{"start":{"line":72,"column":38},"end":{"line":92,"column":3}},"line":72},"10":{"name":"(anonymous_10)","decl":{"start":{"line":82,"column":6},"end":{"line":82,"column":7}},"loc":{"start":{"line":82,"column":15},"end":{"line":88,"column":7}},"line":82},"11":{"name":"(anonymous_11)","decl":{"start":{"line":88,"column":9},"end":{"line":88,"column":10}},"loc":{"start":{"line":88,"column":18},"end":{"line":90,"column":7}},"line":88},"12":{"name":"(anonymous_12)","decl":{"start":{"line":95,"column":36},"end":{"line":95,"column":37}},"loc":{"start":{"line":95,"column":60},"end":{"line":142,"column":1}},"line":95},"13":{"name":"(anonymous_13)","decl":{"start":{"line":107,"column":4},"end":{"line":107,"column":5}},"loc":{"start":{"line":107,"column":13},"end":{"line":109,"column":5}},"line":107},"14":{"name":"(anonymous_14)","decl":{"start":{"line":109,"column":7},"end":{"line":109,"column":8}},"loc":{"start":{"line":109,"column":16},"end":{"line":111,"column":5}},"line":109},"15":{"name":"(anonymous_15)","decl":{"start":{"line":114,"column":22},"end":{"line":114,"column":23}},"loc":{"start":{"line":114,"column":40},"end":{"line":141,"column":3}},"line":114},"16":{"name":"(anonymous_16)","decl":{"start":{"line":129,"column":6},"end":{"line":129,"column":7}},"loc":{"start":{"line":129,"column":15},"end":{"line":137,"column":7}},"line":129},"17":{"name":"(anonymous_17)","decl":{"start":{"line":137,"column":9},"end":{"line":137,"column":10}},"loc":{"start":{"line":137,"column":18},"end":{"line":139,"column":7}},"line":137}},"branchMap":{"0":{"loc":{"start":{"line":19,"column":8},"end":{"line":23,"column":9}},"type":"if","locations":[{"start":{"line":19,"column":8},"end":{"line":23,"column":9}},{"start":{"line":19,"column":8},"end":{"line":23,"column":9}}],"line":19},"1":{"loc":{"start":{"line":21,"column":15},"end":{"line":23,"column":9}},"type":"if","locations":[{"start":{"line":21,"column":15},"end":{"line":23,"column":9}},{"start":{"line":21,"column":15},"end":{"line":23,"column":9}}],"line":21},"2":{"loc":{"start":{"line":25,"column":8},"end":{"line":27,"column":9}},"type":"if","locations":[{"start":{"line":25,"column":8},"end":{"line":27,"column":9}},{"start":{"line":25,"column":8},"end":{"line":27,"column":9}}],"line":25},"3":{"loc":{"start":{"line":83,"column":8},"end":{"line":87,"column":9}},"type":"if","locations":[{"start":{"line":83,"column":8},"end":{"line":87,"column":9}},{"start":{"line":83,"column":8},"end":{"line":87,"column":9}}],"line":83},"4":{"loc":{"start":{"line":85,"column":15},"end":{"line":87,"column":9}},"type":"if","locations":[{"start":{"line":85,"column":15},"end":{"line":87,"column":9}},{"start":{"line":85,"column":15},"end":{"line":87,"column":9}}],"line":85},"5":{"loc":{"start":{"line":130,"column":8},"end":{"line":136,"column":9}},"type":"if","locations":[{"start":{"line":130,"column":8},"end":{"line":136,"column":9}},{"start":{"line":130,"column":8},"end":{"line":136,"column":9}}],"line":130},"6":{"loc":{"start":{"line":133,"column":15},"end":{"line":136,"column":9}},"type":"if","locations":[{"start":{"line":133,"column":15},"end":{"line":136,"column":9}},{"start":{"line":133,"column":15},"end":{"line":136,"column":9}}],"line":133}},"s":{"0":1,"1":1,"2":3,"3":3,"4":3,"5":3,"6":2,"7":1,"8":1,"9":1,"10":1,"11":1,"12":1,"13":1,"14":1,"15":1,"16":1,"17":1,"18":0,"19":1,"20":1,"21":1,"22":0,"23":1,"24":1,"25":1,"26":1,"27":1,"28":0,"29":0,"30":0,"31":1,"32":3,"33":3,"34":2,"35":1,"36":3,"37":3,"38":3,"39":3,"40":2,"41":1,"42":1,"43":1,"44":1,"45":1,"46":1},"f":{"0":3,"1":3,"2":2,"3":1,"4":1,"5":1,"6":0,"7":1,"8":0,"9":1,"10":1,"11":0,"12":3,"13":2,"14":1,"15":3,"16":2,"17":1},"b":{"0":[1,1],"1":[1,0],"2":[1,0],"3":[1,0],"4":[0,0],"5":[1,1],"6":[1,0]},"_coverageSchema":"43e27e138ebf9cfc5966b082cf9a028302ed4184","hash":"0215e296b4448176c23952eeffc5caec7578281d"}
,"D:\\Study\\Fall2019\\CIS557\\project\\asset\\public\\javascripts\\GuestProfileController.js": {"path":"D:\\Study\\Fall2019\\CIS557\\project\\asset\\public\\javascripts\\GuestProfileController.js","statementMap":{"0":{"start":{"line":2,"column":10},"end":{"line":2,"column":36}},"1":{"start":{"line":4,"column":0},"end":{"line":201,"column":3}},"2":{"start":{"line":5,"column":19},"end":{"line":5,"column":50}},"3":{"start":{"line":6,"column":2},"end":{"line":70,"column":4}},"4":{"start":{"line":17,"column":6},"end":{"line":66,"column":7}},"5":{"start":{"line":18,"column":24},"end":{"line":18,"column":39}},"6":{"start":{"line":19,"column":22},"end":{"line":19,"column":35}},"7":{"start":{"line":20,"column":23},"end":{"line":20,"column":37}},"8":{"start":{"line":21,"column":25},"end":{"line":21,"column":41}},"9":{"start":{"line":22,"column":24},"end":{"line":22,"column":26}},"10":{"start":{"line":23,"column":8},"end":{"line":25,"column":9}},"11":{"start":{"line":23,"column":25},"end":{"line":23,"column":26}},"12":{"start":{"line":24,"column":10},"end":{"line":24,"column":45}},"13":{"start":{"line":26,"column":8},"end":{"line":56,"column":9}},"14":{"start":{"line":26,"column":26},"end":{"line":26,"column":27}},"15":{"start":{"line":28,"column":10},"end":{"line":36,"column":11}},"16":{"start":{"line":29,"column":12},"end":{"line":29,"column":45}},"17":{"start":{"line":30,"column":12},"end":{"line":30,"column":47}},"18":{"start":{"line":31,"column":12},"end":{"line":31,"column":55}},"19":{"start":{"line":33,"column":12},"end":{"line":33,"column":46}},"20":{"start":{"line":34,"column":12},"end":{"line":34,"column":43}},"21":{"start":{"line":35,"column":12},"end":{"line":35,"column":55}},"22":{"start":{"line":38,"column":10},"end":{"line":38,"column":41}},"23":{"start":{"line":39,"column":10},"end":{"line":44,"column":11}},"24":{"start":{"line":39,"column":28},"end":{"line":39,"column":29}},"25":{"start":{"line":40,"column":12},"end":{"line":43,"column":13}},"26":{"start":{"line":41,"column":14},"end":{"line":41,"column":62}},"27":{"start":{"line":42,"column":14},"end":{"line":42,"column":20}},"28":{"start":{"line":47,"column":10},"end":{"line":47,"column":43}},"29":{"start":{"line":48,"column":10},"end":{"line":55,"column":11}},"30":{"start":{"line":48,"column":28},"end":{"line":48,"column":29}},"31":{"start":{"line":49,"column":12},"end":{"line":54,"column":13}},"32":{"start":{"line":50,"column":27},"end":{"line":50,"column":65}},"33":{"start":{"line":51,"column":14},"end":{"line":51,"column":70}},"34":{"start":{"line":52,"column":14},"end":{"line":52,"column":65}},"35":{"start":{"line":53,"column":14},"end":{"line":53,"column":20}},"36":{"start":{"line":58,"column":30},"end":{"line":64,"column":10}},"37":{"start":{"line":59,"column":20},"end":{"line":59,"column":43}},"38":{"start":{"line":60,"column":20},"end":{"line":60,"column":43}},"39":{"start":{"line":61,"column":10},"end":{"line":61,"column":34}},"40":{"start":{"line":61,"column":23},"end":{"line":61,"column":32}},"41":{"start":{"line":62,"column":10},"end":{"line":62,"column":35}},"42":{"start":{"line":62,"column":23},"end":{"line":62,"column":33}},"43":{"start":{"line":63,"column":10},"end":{"line":63,"column":19}},"44":{"start":{"line":65,"column":8},"end":{"line":65,"column":42}},"45":{"start":{"line":68,"column":6},"end":{"line":68,"column":69}},"46":{"start":{"line":72,"column":2},"end":{"line":95,"column":4}},"47":{"start":{"line":73,"column":4},"end":{"line":94,"column":6}},"48":{"start":{"line":84,"column":8},"end":{"line":90,"column":9}},"49":{"start":{"line":85,"column":29},"end":{"line":85,"column":69}},"50":{"start":{"line":86,"column":10},"end":{"line":86,"column":63}},"51":{"start":{"line":87,"column":27},"end":{"line":87,"column":69}},"52":{"start":{"line":88,"column":28},"end":{"line":88,"column":55}},"53":{"start":{"line":89,"column":10},"end":{"line":89,"column":43}},"54":{"start":{"line":92,"column":8},"end":{"line":92,"column":59}},"55":{"start":{"line":97,"column":2},"end":{"line":113,"column":4}},"56":{"start":{"line":109,"column":6},"end":{"line":109,"column":91}},"57":{"start":{"line":111,"column":6},"end":{"line":111,"column":51}},"58":{"start":{"line":115,"column":2},"end":{"line":131,"column":4}},"59":{"start":{"line":127,"column":6},"end":{"line":127,"column":99}},"60":{"start":{"line":129,"column":6},"end":{"line":129,"column":51}},"61":{"start":{"line":133,"column":2},"end":{"line":149,"column":4}},"62":{"start":{"line":145,"column":6},"end":{"line":145,"column":101}},"63":{"start":{"line":147,"column":6},"end":{"line":147,"column":51}},"64":{"start":{"line":151,"column":2},"end":{"line":172,"column":4}},"65":{"start":{"line":164,"column":6},"end":{"line":168,"column":7}},"66":{"start":{"line":165,"column":8},"end":{"line":165,"column":83}},"67":{"start":{"line":167,"column":8},"end":{"line":167,"column":81}},"68":{"start":{"line":170,"column":6},"end":{"line":170,"column":51}},"69":{"start":{"line":174,"column":2},"end":{"line":200,"column":4}},"70":{"start":{"line":175,"column":19},"end":{"line":175,"column":81}},"71":{"start":{"line":176,"column":4},"end":{"line":199,"column":6}},"72":{"start":{"line":189,"column":8},"end":{"line":195,"column":9}},"73":{"start":{"line":190,"column":10},"end":{"line":190,"column":30}},"74":{"start":{"line":191,"column":10},"end":{"line":191,"column":85}},"75":{"start":{"line":192,"column":15},"end":{"line":195,"column":9}},"76":{"start":{"line":193,"column":10},"end":{"line":193,"column":32}},"77":{"start":{"line":194,"column":10},"end":{"line":194,"column":83}},"78":{"start":{"line":197,"column":8},"end":{"line":197,"column":43}}},"fnMap":{"0":{"name":"(anonymous_0)","decl":{"start":{"line":4,"column":36},"end":{"line":4,"column":37}},"loc":{"start":{"line":4,"column":59},"end":{"line":201,"column":1}},"line":4},"1":{"name":"(anonymous_1)","decl":{"start":{"line":16,"column":4},"end":{"line":16,"column":5}},"loc":{"start":{"line":16,"column":13},"end":{"line":67,"column":5}},"line":16},"2":{"name":"(anonymous_2)","decl":{"start":{"line":58,"column":43},"end":{"line":58,"column":44}},"loc":{"start":{"line":58,"column":53},"end":{"line":64,"column":9}},"line":58},"3":{"name":"(anonymous_3)","decl":{"start":{"line":67,"column":7},"end":{"line":67,"column":8}},"loc":{"start":{"line":67,"column":16},"end":{"line":69,"column":5}},"line":67},"4":{"name":"(anonymous_4)","decl":{"start":{"line":72,"column":19},"end":{"line":72,"column":20}},"loc":{"start":{"line":72,"column":25},"end":{"line":95,"column":3}},"line":72},"5":{"name":"(anonymous_5)","decl":{"start":{"line":83,"column":6},"end":{"line":83,"column":7}},"loc":{"start":{"line":83,"column":15},"end":{"line":91,"column":7}},"line":83},"6":{"name":"(anonymous_6)","decl":{"start":{"line":91,"column":9},"end":{"line":91,"column":10}},"loc":{"start":{"line":91,"column":18},"end":{"line":93,"column":7}},"line":91},"7":{"name":"(anonymous_7)","decl":{"start":{"line":107,"column":4},"end":{"line":107,"column":5}},"loc":{"start":{"line":107,"column":13},"end":{"line":110,"column":5}},"line":107},"8":{"name":"(anonymous_8)","decl":{"start":{"line":110,"column":7},"end":{"line":110,"column":8}},"loc":{"start":{"line":110,"column":16},"end":{"line":112,"column":5}},"line":110},"9":{"name":"(anonymous_9)","decl":{"start":{"line":125,"column":4},"end":{"line":125,"column":5}},"loc":{"start":{"line":125,"column":13},"end":{"line":128,"column":5}},"line":125},"10":{"name":"(anonymous_10)","decl":{"start":{"line":128,"column":7},"end":{"line":128,"column":8}},"loc":{"start":{"line":128,"column":16},"end":{"line":130,"column":5}},"line":128},"11":{"name":"(anonymous_11)","decl":{"start":{"line":143,"column":4},"end":{"line":143,"column":5}},"loc":{"start":{"line":143,"column":13},"end":{"line":146,"column":5}},"line":143},"12":{"name":"(anonymous_12)","decl":{"start":{"line":146,"column":7},"end":{"line":146,"column":8}},"loc":{"start":{"line":146,"column":16},"end":{"line":148,"column":5}},"line":146},"13":{"name":"(anonymous_13)","decl":{"start":{"line":162,"column":4},"end":{"line":162,"column":5}},"loc":{"start":{"line":162,"column":13},"end":{"line":169,"column":5}},"line":162},"14":{"name":"(anonymous_14)","decl":{"start":{"line":169,"column":7},"end":{"line":169,"column":8}},"loc":{"start":{"line":169,"column":16},"end":{"line":171,"column":5}},"line":169},"15":{"name":"(anonymous_15)","decl":{"start":{"line":174,"column":22},"end":{"line":174,"column":23}},"loc":{"start":{"line":174,"column":28},"end":{"line":200,"column":3}},"line":174},"16":{"name":"(anonymous_16)","decl":{"start":{"line":188,"column":6},"end":{"line":188,"column":7}},"loc":{"start":{"line":188,"column":15},"end":{"line":196,"column":7}},"line":188},"17":{"name":"(anonymous_17)","decl":{"start":{"line":196,"column":9},"end":{"line":196,"column":10}},"loc":{"start":{"line":196,"column":18},"end":{"line":198,"column":7}},"line":196}},"branchMap":{"0":{"loc":{"start":{"line":17,"column":6},"end":{"line":66,"column":7}},"type":"if","locations":[{"start":{"line":17,"column":6},"end":{"line":66,"column":7}},{"start":{"line":17,"column":6},"end":{"line":66,"column":7}}],"line":17},"1":{"loc":{"start":{"line":28,"column":10},"end":{"line":36,"column":11}},"type":"if","locations":[{"start":{"line":28,"column":10},"end":{"line":36,"column":11}},{"start":{"line":28,"column":10},"end":{"line":36,"column":11}}],"line":28},"2":{"loc":{"start":{"line":40,"column":12},"end":{"line":43,"column":13}},"type":"if","locations":[{"start":{"line":40,"column":12},"end":{"line":43,"column":13}},{"start":{"line":40,"column":12},"end":{"line":43,"column":13}}],"line":40},"3":{"loc":{"start":{"line":49,"column":12},"end":{"line":54,"column":13}},"type":"if","locations":[{"start":{"line":49,"column":12},"end":{"line":54,"column":13}},{"start":{"line":49,"column":12},"end":{"line":54,"column":13}}],"line":49},"4":{"loc":{"start":{"line":61,"column":10},"end":{"line":61,"column":34}},"type":"if","locations":[{"start":{"line":61,"column":10},"end":{"line":61,"column":34}},{"start":{"line":61,"column":10},"end":{"line":61,"column":34}}],"line":61},"5":{"loc":{"start":{"line":62,"column":10},"end":{"line":62,"column":35}},"type":"if","locations":[{"start":{"line":62,"column":10},"end":{"line":62,"column":35}},{"start":{"line":62,"column":10},"end":{"line":62,"column":35}}],"line":62},"6":{"loc":{"start":{"line":84,"column":8},"end":{"line":90,"column":9}},"type":"if","locations":[{"start":{"line":84,"column":8},"end":{"line":90,"column":9}},{"start":{"line":84,"column":8},"end":{"line":90,"column":9}}],"line":84},"7":{"loc":{"start":{"line":164,"column":6},"end":{"line":168,"column":7}},"type":"if","locations":[{"start":{"line":164,"column":6},"end":{"line":168,"column":7}},{"start":{"line":164,"column":6},"end":{"line":168,"column":7}}],"line":164},"8":{"loc":{"start":{"line":189,"column":8},"end":{"line":195,"column":9}},"type":"if","locations":[{"start":{"line":189,"column":8},"end":{"line":195,"column":9}},{"start":{"line":189,"column":8},"end":{"line":195,"column":9}}],"line":189},"9":{"loc":{"start":{"line":192,"column":15},"end":{"line":195,"column":9}},"type":"if","locations":[{"start":{"line":192,"column":15},"end":{"line":195,"column":9}},{"start":{"line":192,"column":15},"end":{"line":195,"column":9}}],"line":192}},"s":{"0":1,"1":1,"2":3,"3":3,"4":2,"5":0,"6":0,"7":0,"8":0,"9":0,"10":0,"11":0,"12":0,"13":0,"14":0,"15":0,"16":0,"17":0,"18":0,"19":0,"20":0,"21":0,"22":0,"23":0,"24":0,"25":0,"26":0,"27":0,"28":0,"29":0,"30":0,"31":0,"32":0,"33":0,"34":0,"35":0,"36":0,"37":0,"38":0,"39":0,"40":0,"41":0,"42":0,"43":0,"44":0,"45":1,"46":3,"47":1,"48":0,"49":0,"50":0,"51":0,"52":0,"53":0,"54":1,"55":3,"56":2,"57":1,"58":3,"59":2,"60":1,"61":3,"62":2,"63":1,"64":3,"65":2,"66":0,"67":2,"68":1,"69":3,"70":2,"71":2,"72":1,"73":1,"74":1,"75":0,"76":0,"77":0,"78":1},"f":{"0":3,"1":2,"2":0,"3":1,"4":1,"5":0,"6":1,"7":2,"8":1,"9":2,"10":1,"11":2,"12":1,"13":2,"14":1,"15":2,"16":1,"17":1},"b":{"0":[0,2],"1":[0,0],"2":[0,0],"3":[0,0],"4":[0,0],"5":[0,0],"6":[0,0],"7":[0,2],"8":[1,0],"9":[0,0]},"_coverageSchema":"43e27e138ebf9cfc5966b082cf9a028302ed4184","hash":"e41568b4942394c0bb3f5d2b33e9897cdea7f48c"}
,"D:\\Study\\Fall2019\\CIS557\\project\\asset\\public\\javascripts\\LoginController.js": {"path":"D:\\Study\\Fall2019\\CIS557\\project\\asset\\public\\javascripts\\LoginController.js","statementMap":{"0":{"start":{"line":1,"column":12},"end":{"line":1,"column":39}},"1":{"start":{"line":3,"column":0},"end":{"line":105,"column":3}},"2":{"start":{"line":4,"column":2},"end":{"line":61,"column":4}},"3":{"start":{"line":6,"column":4},"end":{"line":60,"column":6}},"4":{"start":{"line":15,"column":8},"end":{"line":21,"column":9}},"5":{"start":{"line":16,"column":10},"end":{"line":18,"column":11}},"6":{"start":{"line":17,"column":12},"end":{"line":17,"column":47}},"7":{"start":{"line":19,"column":10},"end":{"line":19,"column":48}},"8":{"start":{"line":20,"column":10},"end":{"line":20,"column":64}},"9":{"start":{"line":23,"column":8},"end":{"line":57,"column":9}},"10":{"start":{"line":24,"column":10},"end":{"line":24,"column":36}},"11":{"start":{"line":25,"column":10},"end":{"line":25,"column":53}},"12":{"start":{"line":26,"column":10},"end":{"line":26,"column":52}},"13":{"start":{"line":27,"column":10},"end":{"line":27,"column":31}},"14":{"start":{"line":28,"column":10},"end":{"line":28,"column":31}},"15":{"start":{"line":29,"column":15},"end":{"line":57,"column":9}},"16":{"start":{"line":30,"column":10},"end":{"line":30,"column":49}},"17":{"start":{"line":31,"column":10},"end":{"line":31,"column":53}},"18":{"start":{"line":32,"column":10},"end":{"line":32,"column":52}},"19":{"start":{"line":33,"column":10},"end":{"line":33,"column":31}},"20":{"start":{"line":34,"column":10},"end":{"line":34,"column":31}},"21":{"start":{"line":35,"column":15},"end":{"line":57,"column":9}},"22":{"start":{"line":36,"column":10},"end":{"line":36,"column":72}},"23":{"start":{"line":37,"column":10},"end":{"line":37,"column":53}},"24":{"start":{"line":38,"column":10},"end":{"line":38,"column":52}},"25":{"start":{"line":39,"column":10},"end":{"line":39,"column":31}},"26":{"start":{"line":40,"column":10},"end":{"line":40,"column":31}},"27":{"start":{"line":41,"column":15},"end":{"line":57,"column":9}},"28":{"start":{"line":42,"column":10},"end":{"line":42,"column":44}},"29":{"start":{"line":43,"column":10},"end":{"line":43,"column":53}},"30":{"start":{"line":44,"column":10},"end":{"line":44,"column":52}},"31":{"start":{"line":45,"column":10},"end":{"line":45,"column":31}},"32":{"start":{"line":46,"column":10},"end":{"line":46,"column":31}},"33":{"start":{"line":47,"column":15},"end":{"line":57,"column":9}},"34":{"start":{"line":48,"column":10},"end":{"line":48,"column":57}},"35":{"start":{"line":49,"column":10},"end":{"line":49,"column":52}},"36":{"start":{"line":50,"column":10},"end":{"line":50,"column":31}},"37":{"start":{"line":51,"column":15},"end":{"line":57,"column":9}},"38":{"start":{"line":52,"column":10},"end":{"line":52,"column":60}},"39":{"start":{"line":53,"column":10},"end":{"line":53,"column":53}},"40":{"start":{"line":54,"column":10},"end":{"line":54,"column":52}},"41":{"start":{"line":55,"column":10},"end":{"line":55,"column":31}},"42":{"start":{"line":56,"column":10},"end":{"line":56,"column":31}},"43":{"start":{"line":58,"column":8},"end":{"line":58,"column":54}},"44":{"start":{"line":63,"column":2},"end":{"line":104,"column":4}},"45":{"start":{"line":64,"column":19},"end":{"line":64,"column":57}},"46":{"start":{"line":65,"column":19},"end":{"line":65,"column":54}},"47":{"start":{"line":66,"column":4},"end":{"line":103,"column":6}},"48":{"start":{"line":76,"column":8},"end":{"line":82,"column":9}},"49":{"start":{"line":77,"column":10},"end":{"line":77,"column":54}},"50":{"start":{"line":78,"column":10},"end":{"line":78,"column":53}},"51":{"start":{"line":79,"column":10},"end":{"line":79,"column":52}},"52":{"start":{"line":80,"column":10},"end":{"line":80,"column":31}},"53":{"start":{"line":81,"column":10},"end":{"line":81,"column":31}},"54":{"start":{"line":84,"column":8},"end":{"line":100,"column":9}},"55":{"start":{"line":85,"column":10},"end":{"line":85,"column":39}},"56":{"start":{"line":86,"column":10},"end":{"line":86,"column":53}},"57":{"start":{"line":87,"column":10},"end":{"line":87,"column":52}},"58":{"start":{"line":88,"column":10},"end":{"line":88,"column":31}},"59":{"start":{"line":89,"column":10},"end":{"line":89,"column":31}},"60":{"start":{"line":90,"column":15},"end":{"line":100,"column":9}},"61":{"start":{"line":91,"column":10},"end":{"line":91,"column":72}},"62":{"start":{"line":92,"column":10},"end":{"line":92,"column":53}},"63":{"start":{"line":93,"column":10},"end":{"line":93,"column":52}},"64":{"start":{"line":94,"column":10},"end":{"line":94,"column":31}},"65":{"start":{"line":95,"column":10},"end":{"line":95,"column":31}},"66":{"start":{"line":96,"column":15},"end":{"line":100,"column":9}},"67":{"start":{"line":97,"column":10},"end":{"line":97,"column":120}},"68":{"start":{"line":98,"column":10},"end":{"line":98,"column":52}},"69":{"start":{"line":99,"column":10},"end":{"line":99,"column":31}},"70":{"start":{"line":101,"column":8},"end":{"line":101,"column":54}}},"fnMap":{"0":{"name":"(anonymous_0)","decl":{"start":{"line":3,"column":34},"end":{"line":3,"column":35}},"loc":{"start":{"line":3,"column":57},"end":{"line":105,"column":1}},"line":3},"1":{"name":"(anonymous_1)","decl":{"start":{"line":4,"column":23},"end":{"line":4,"column":24}},"loc":{"start":{"line":4,"column":29},"end":{"line":61,"column":3}},"line":4},"2":{"name":"(anonymous_2)","decl":{"start":{"line":14,"column":6},"end":{"line":14,"column":7}},"loc":{"start":{"line":14,"column":15},"end":{"line":22,"column":7}},"line":14},"3":{"name":"(anonymous_3)","decl":{"start":{"line":22,"column":9},"end":{"line":22,"column":10}},"loc":{"start":{"line":22,"column":18},"end":{"line":59,"column":7}},"line":22},"4":{"name":"(anonymous_4)","decl":{"start":{"line":63,"column":19},"end":{"line":63,"column":20}},"loc":{"start":{"line":63,"column":25},"end":{"line":104,"column":3}},"line":63},"5":{"name":"(anonymous_5)","decl":{"start":{"line":75,"column":6},"end":{"line":75,"column":7}},"loc":{"start":{"line":75,"column":15},"end":{"line":83,"column":7}},"line":75},"6":{"name":"(anonymous_6)","decl":{"start":{"line":83,"column":9},"end":{"line":83,"column":10}},"loc":{"start":{"line":83,"column":18},"end":{"line":102,"column":7}},"line":83}},"branchMap":{"0":{"loc":{"start":{"line":15,"column":8},"end":{"line":21,"column":9}},"type":"if","locations":[{"start":{"line":15,"column":8},"end":{"line":21,"column":9}},{"start":{"line":15,"column":8},"end":{"line":21,"column":9}}],"line":15},"1":{"loc":{"start":{"line":16,"column":10},"end":{"line":18,"column":11}},"type":"if","locations":[{"start":{"line":16,"column":10},"end":{"line":18,"column":11}},{"start":{"line":16,"column":10},"end":{"line":18,"column":11}}],"line":16},"2":{"loc":{"start":{"line":23,"column":8},"end":{"line":57,"column":9}},"type":"if","locations":[{"start":{"line":23,"column":8},"end":{"line":57,"column":9}},{"start":{"line":23,"column":8},"end":{"line":57,"column":9}}],"line":23},"3":{"loc":{"start":{"line":29,"column":15},"end":{"line":57,"column":9}},"type":"if","locations":[{"start":{"line":29,"column":15},"end":{"line":57,"column":9}},{"start":{"line":29,"column":15},"end":{"line":57,"column":9}}],"line":29},"4":{"loc":{"start":{"line":35,"column":15},"end":{"line":57,"column":9}},"type":"if","locations":[{"start":{"line":35,"column":15},"end":{"line":57,"column":9}},{"start":{"line":35,"column":15},"end":{"line":57,"column":9}}],"line":35},"5":{"loc":{"start":{"line":41,"column":15},"end":{"line":57,"column":9}},"type":"if","locations":[{"start":{"line":41,"column":15},"end":{"line":57,"column":9}},{"start":{"line":41,"column":15},"end":{"line":57,"column":9}}],"line":41},"6":{"loc":{"start":{"line":47,"column":15},"end":{"line":57,"column":9}},"type":"if","locations":[{"start":{"line":47,"column":15},"end":{"line":57,"column":9}},{"start":{"line":47,"column":15},"end":{"line":57,"column":9}}],"line":47},"7":{"loc":{"start":{"line":51,"column":15},"end":{"line":57,"column":9}},"type":"if","locations":[{"start":{"line":51,"column":15},"end":{"line":57,"column":9}},{"start":{"line":51,"column":15},"end":{"line":57,"column":9}}],"line":51},"8":{"loc":{"start":{"line":76,"column":8},"end":{"line":82,"column":9}},"type":"if","locations":[{"start":{"line":76,"column":8},"end":{"line":82,"column":9}},{"start":{"line":76,"column":8},"end":{"line":82,"column":9}}],"line":76},"9":{"loc":{"start":{"line":84,"column":8},"end":{"line":100,"column":9}},"type":"if","locations":[{"start":{"line":84,"column":8},"end":{"line":100,"column":9}},{"start":{"line":84,"column":8},"end":{"line":100,"column":9}}],"line":84},"10":{"loc":{"start":{"line":90,"column":15},"end":{"line":100,"column":9}},"type":"if","locations":[{"start":{"line":90,"column":15},"end":{"line":100,"column":9}},{"start":{"line":90,"column":15},"end":{"line":100,"column":9}}],"line":90},"11":{"loc":{"start":{"line":96,"column":15},"end":{"line":100,"column":9}},"type":"if","locations":[{"start":{"line":96,"column":15},"end":{"line":100,"column":9}},{"start":{"line":96,"column":15},"end":{"line":100,"column":9}}],"line":96}},"s":{"0":1,"1":1,"2":4,"3":2,"4":1,"5":1,"6":0,"7":1,"8":1,"9":1,"10":1,"11":1,"12":1,"13":1,"14":1,"15":0,"16":0,"17":0,"18":0,"19":0,"20":0,"21":0,"22":0,"23":0,"24":0,"25":0,"26":0,"27":0,"28":0,"29":0,"30":0,"31":0,"32":0,"33":0,"34":0,"35":0,"36":0,"37":0,"38":0,"39":0,"40":0,"41":0,"42":0,"43":1,"44":4,"45":2,"46":2,"47":2,"48":1,"49":0,"50":0,"51":0,"52":0,"53":0,"54":1,"55":0,"56":0,"57":0,"58":0,"59":0,"60":1,"61":0,"62":0,"63":0,"64":0,"65":0,"66":1,"67":1,"68":1,"69":1,"70":1},"f":{"0":4,"1":2,"2":1,"3":1,"4":2,"5":1,"6":1},"b":{"0":[1,0],"1":[0,1],"2":[1,0],"3":[0,0],"4":[0,0],"5":[0,0],"6":[0,0],"7":[0,0],"8":[0,1],"9":[0,1],"10":[0,1],"11":[1,0]},"_coverageSchema":"43e27e138ebf9cfc5966b082cf9a028302ed4184","hash":"b08ca6b21ca0b8890ba64ad38f63a1cb95a8af69"}
,"D:\\Study\\Fall2019\\CIS557\\project\\asset\\public\\javascripts\\Post.js": {"path":"D:\\Study\\Fall2019\\CIS557\\project\\asset\\public\\javascripts\\Post.js","statementMap":{"0":{"start":{"line":3,"column":16},"end":{"line":3,"column":51}},"1":{"start":{"line":4,"column":2},"end":{"line":4,"column":16}},"2":{"start":{"line":6,"column":0},"end":{"line":8,"column":1}},"3":{"start":{"line":7,"column":2},"end":{"line":7,"column":78}},"4":{"start":{"line":13,"column":2},"end":{"line":32,"column":3}},"5":{"start":{"line":14,"column":4},"end":{"line":31,"column":7}},"6":{"start":{"line":15,"column":19},"end":{"line":15,"column":58}},"7":{"start":{"line":16,"column":6},"end":{"line":16,"column":34}},"8":{"start":{"line":17,"column":6},"end":{"line":17,"column":34}},"9":{"start":{"line":18,"column":6},"end":{"line":18,"column":48}},"10":{"start":{"line":19,"column":6},"end":{"line":19,"column":31}},"11":{"start":{"line":20,"column":6},"end":{"line":20,"column":49}},"12":{"start":{"line":21,"column":6},"end":{"line":21,"column":40}},"13":{"start":{"line":22,"column":6},"end":{"line":22,"column":39}},"14":{"start":{"line":23,"column":6},"end":{"line":23,"column":43}},"15":{"start":{"line":24,"column":6},"end":{"line":24,"column":38}},"16":{"start":{"line":25,"column":21},"end":{"line":25,"column":37}},"17":{"start":{"line":26,"column":6},"end":{"line":26,"column":54}},"18":{"start":{"line":27,"column":6},"end":{"line":30,"column":8}},"19":{"start":{"line":28,"column":28},"end":{"line":28,"column":41}},"20":{"start":{"line":29,"column":8},"end":{"line":29,"column":67}},"21":{"start":{"line":34,"column":0},"end":{"line":34,"column":45}},"22":{"start":{"line":38,"column":19},"end":{"line":38,"column":58}},"23":{"start":{"line":39,"column":2},"end":{"line":39,"column":22}},"24":{"start":{"line":40,"column":18},"end":{"line":40,"column":53}},"25":{"start":{"line":41,"column":2},"end":{"line":41,"column":21}},"26":{"start":{"line":42,"column":15},"end":{"line":42,"column":54}},"27":{"start":{"line":43,"column":2},"end":{"line":43,"column":30}},"28":{"start":{"line":44,"column":15},"end":{"line":44,"column":54}},"29":{"start":{"line":45,"column":2},"end":{"line":45,"column":22}},"30":{"start":{"line":46,"column":16},"end":{"line":46,"column":56}},"31":{"start":{"line":47,"column":2},"end":{"line":47,"column":17}},"32":{"start":{"line":48,"column":2},"end":{"line":48,"column":27}},"33":{"start":{"line":50,"column":0},"end":{"line":52,"column":1}},"34":{"start":{"line":51,"column":2},"end":{"line":51,"column":82}},"35":{"start":{"line":57,"column":21},"end":{"line":57,"column":60}},"36":{"start":{"line":58,"column":2},"end":{"line":58,"column":28}},"37":{"start":{"line":59,"column":25},"end":{"line":59,"column":67}},"38":{"start":{"line":60,"column":2},"end":{"line":60,"column":28}},"39":{"start":{"line":61,"column":2},"end":{"line":61,"column":27}},"40":{"start":{"line":63,"column":0},"end":{"line":65,"column":1}},"41":{"start":{"line":64,"column":2},"end":{"line":64,"column":88}},"42":{"start":{"line":70,"column":20},"end":{"line":70,"column":61}},"43":{"start":{"line":71,"column":2},"end":{"line":71,"column":27}},"44":{"start":{"line":72,"column":2},"end":{"line":72,"column":27}},"45":{"start":{"line":74,"column":0},"end":{"line":76,"column":1}},"46":{"start":{"line":75,"column":2},"end":{"line":75,"column":89}},"47":{"start":{"line":80,"column":19},"end":{"line":80,"column":63}},"48":{"start":{"line":81,"column":2},"end":{"line":81,"column":26}},"49":{"start":{"line":82,"column":2},"end":{"line":82,"column":27}},"50":{"start":{"line":84,"column":0},"end":{"line":86,"column":1}},"51":{"start":{"line":85,"column":2},"end":{"line":85,"column":95}},"52":{"start":{"line":89,"column":0},"end":{"line":96,"column":2}}},"fnMap":{"0":{"name":"uploadImage","decl":{"start":{"line":2,"column":9},"end":{"line":2,"column":20}},"loc":{"start":{"line":2,"column":23},"end":{"line":5,"column":1}},"line":2},"1":{"name":"loadImage","decl":{"start":{"line":12,"column":9},"end":{"line":12,"column":18}},"loc":{"start":{"line":12,"column":21},"end":{"line":33,"column":1}},"line":12},"2":{"name":"(anonymous_2)","decl":{"start":{"line":14,"column":67},"end":{"line":14,"column":68}},"loc":{"start":{"line":14,"column":78},"end":{"line":31,"column":5}},"line":14},"3":{"name":"(anonymous_3)","decl":{"start":{"line":27,"column":22},"end":{"line":27,"column":23}},"loc":{"start":{"line":27,"column":28},"end":{"line":30,"column":7}},"line":27},"4":{"name":"clearPostModal","decl":{"start":{"line":37,"column":9},"end":{"line":37,"column":23}},"loc":{"start":{"line":37,"column":26},"end":{"line":49,"column":1}},"line":37},"5":{"name":"clearCommentModal","decl":{"start":{"line":56,"column":9},"end":{"line":56,"column":26}},"loc":{"start":{"line":56,"column":29},"end":{"line":62,"column":1}},"line":56},"6":{"name":"clearDelPostModal","decl":{"start":{"line":69,"column":9},"end":{"line":69,"column":26}},"loc":{"start":{"line":69,"column":29},"end":{"line":73,"column":1}},"line":69},"7":{"name":"clearDelCommentModal","decl":{"start":{"line":79,"column":9},"end":{"line":79,"column":29}},"loc":{"start":{"line":79,"column":32},"end":{"line":83,"column":1}},"line":79}},"branchMap":{"0":{"loc":{"start":{"line":6,"column":0},"end":{"line":8,"column":1}},"type":"if","locations":[{"start":{"line":6,"column":0},"end":{"line":8,"column":1}},{"start":{"line":6,"column":0},"end":{"line":8,"column":1}}],"line":6},"1":{"loc":{"start":{"line":13,"column":2},"end":{"line":32,"column":3}},"type":"if","locations":[{"start":{"line":13,"column":2},"end":{"line":32,"column":3}},{"start":{"line":13,"column":2},"end":{"line":32,"column":3}}],"line":13},"2":{"loc":{"start":{"line":50,"column":0},"end":{"line":52,"column":1}},"type":"if","locations":[{"start":{"line":50,"column":0},"end":{"line":52,"column":1}},{"start":{"line":50,"column":0},"end":{"line":52,"column":1}}],"line":50},"3":{"loc":{"start":{"line":63,"column":0},"end":{"line":65,"column":1}},"type":"if","locations":[{"start":{"line":63,"column":0},"end":{"line":65,"column":1}},{"start":{"line":63,"column":0},"end":{"line":65,"column":1}}],"line":63},"4":{"loc":{"start":{"line":74,"column":0},"end":{"line":76,"column":1}},"type":"if","locations":[{"start":{"line":74,"column":0},"end":{"line":76,"column":1}},{"start":{"line":74,"column":0},"end":{"line":76,"column":1}}],"line":74},"5":{"loc":{"start":{"line":84,"column":0},"end":{"line":86,"column":1}},"type":"if","locations":[{"start":{"line":84,"column":0},"end":{"line":86,"column":1}},{"start":{"line":84,"column":0},"end":{"line":86,"column":1}}],"line":84}},"s":{"0":1,"1":1,"2":1,"3":1,"4":2,"5":2,"6":0,"7":0,"8":0,"9":0,"10":0,"11":0,"12":0,"13":0,"14":0,"15":0,"16":0,"17":0,"18":0,"19":0,"20":0,"21":1,"22":1,"23":1,"24":1,"25":1,"26":1,"27":1,"28":1,"29":1,"30":1,"31":1,"32":1,"33":1,"34":1,"35":1,"36":1,"37":1,"38":1,"39":1,"40":1,"41":1,"42":1,"43":1,"44":1,"45":1,"46":1,"47":1,"48":1,"49":1,"50":1,"51":1,"52":1},"f":{"0":1,"1":2,"2":0,"3":0,"4":1,"5":1,"6":1,"7":1},"b":{"0":[1,0],"1":[2,0],"2":[1,0],"3":[1,0],"4":[1,0],"5":[1,0]},"_coverageSchema":"43e27e138ebf9cfc5966b082cf9a028302ed4184","hash":"ea71c4c4098be300d3452bbece6f4446bd2ae377"}
,"D:\\Study\\Fall2019\\CIS557\\project\\asset\\public\\javascripts\\PostController.js": {"path":"D:\\Study\\Fall2019\\CIS557\\project\\asset\\public\\javascripts\\PostController.js","statementMap":{"0":{"start":{"line":1,"column":10},"end":{"line":1,"column":37}},"1":{"start":{"line":3,"column":0},"end":{"line":88,"column":3}},"2":{"start":{"line":4,"column":2},"end":{"line":11,"column":4}},"3":{"start":{"line":5,"column":20},"end":{"line":5,"column":58}},"4":{"start":{"line":6,"column":4},"end":{"line":10,"column":5}},"5":{"start":{"line":7,"column":6},"end":{"line":7,"column":88}},"6":{"start":{"line":8,"column":11},"end":{"line":10,"column":5}},"7":{"start":{"line":9,"column":6},"end":{"line":9,"column":89}},"8":{"start":{"line":13,"column":2},"end":{"line":87,"column":4}},"9":{"start":{"line":14,"column":21},"end":{"line":14,"column":52}},"10":{"start":{"line":15,"column":16},"end":{"line":15,"column":26}},"11":{"start":{"line":16,"column":17},"end":{"line":16,"column":34}},"12":{"start":{"line":17,"column":16},"end":{"line":17,"column":34}},"13":{"start":{"line":18,"column":4},"end":{"line":20,"column":5}},"14":{"start":{"line":19,"column":6},"end":{"line":19,"column":34}},"15":{"start":{"line":21,"column":15},"end":{"line":21,"column":28}},"16":{"start":{"line":22,"column":4},"end":{"line":24,"column":5}},"17":{"start":{"line":23,"column":6},"end":{"line":23,"column":32}},"18":{"start":{"line":25,"column":15},"end":{"line":25,"column":29}},"19":{"start":{"line":26,"column":4},"end":{"line":28,"column":5}},"20":{"start":{"line":27,"column":6},"end":{"line":27,"column":32}},"21":{"start":{"line":29,"column":17},"end":{"line":29,"column":33}},"22":{"start":{"line":30,"column":4},"end":{"line":32,"column":5}},"23":{"start":{"line":31,"column":6},"end":{"line":31,"column":36}},"24":{"start":{"line":33,"column":16},"end":{"line":33,"column":28}},"25":{"start":{"line":34,"column":19},"end":{"line":34,"column":28}},"26":{"start":{"line":35,"column":4},"end":{"line":35,"column":28}},"27":{"start":{"line":36,"column":4},"end":{"line":36,"column":29}},"28":{"start":{"line":37,"column":4},"end":{"line":37,"column":31}},"29":{"start":{"line":38,"column":4},"end":{"line":38,"column":30}},"30":{"start":{"line":39,"column":4},"end":{"line":39,"column":28}},"31":{"start":{"line":40,"column":4},"end":{"line":40,"column":30}},"32":{"start":{"line":41,"column":4},"end":{"line":41,"column":28}},"33":{"start":{"line":42,"column":15},"end":{"line":42,"column":80}},"34":{"start":{"line":44,"column":4},"end":{"line":48,"column":5}},"35":{"start":{"line":45,"column":6},"end":{"line":45,"column":22}},"36":{"start":{"line":46,"column":11},"end":{"line":48,"column":5}},"37":{"start":{"line":47,"column":6},"end":{"line":47,"column":26}},"38":{"start":{"line":49,"column":17},"end":{"line":49,"column":62}},"39":{"start":{"line":50,"column":21},"end":{"line":50,"column":36}},"40":{"start":{"line":51,"column":17},"end":{"line":51,"column":19}},"41":{"start":{"line":52,"column":4},"end":{"line":59,"column":5}},"42":{"start":{"line":53,"column":6},"end":{"line":58,"column":7}},"43":{"start":{"line":53,"column":23},"end":{"line":53,"column":24}},"44":{"start":{"line":54,"column":29},"end":{"line":54,"column":85}},"45":{"start":{"line":55,"column":8},"end":{"line":57,"column":9}},"46":{"start":{"line":56,"column":10},"end":{"line":56,"column":81}},"47":{"start":{"line":60,"column":4},"end":{"line":86,"column":6}},"48":{"start":{"line":77,"column":8},"end":{"line":80,"column":9}},"49":{"start":{"line":78,"column":10},"end":{"line":78,"column":47}},"50":{"start":{"line":79,"column":10},"end":{"line":79,"column":56}},"51":{"start":{"line":83,"column":8},"end":{"line":83,"column":55}},"52":{"start":{"line":84,"column":8},"end":{"line":84,"column":54}},"53":{"start":{"line":90,"column":0},"end":{"line":95,"column":3}},"54":{"start":{"line":92,"column":2},"end":{"line":94,"column":4}},"55":{"start":{"line":93,"column":4},"end":{"line":93,"column":33}}},"fnMap":{"0":{"name":"(anonymous_0)","decl":{"start":{"line":3,"column":33},"end":{"line":3,"column":34}},"loc":{"start":{"line":3,"column":56},"end":{"line":88,"column":1}},"line":3},"1":{"name":"(anonymous_1)","decl":{"start":{"line":4,"column":22},"end":{"line":4,"column":23}},"loc":{"start":{"line":4,"column":28},"end":{"line":11,"column":3}},"line":4},"2":{"name":"(anonymous_2)","decl":{"start":{"line":13,"column":19},"end":{"line":13,"column":20}},"loc":{"start":{"line":13,"column":25},"end":{"line":87,"column":3}},"line":13},"3":{"name":"(anonymous_3)","decl":{"start":{"line":76,"column":6},"end":{"line":76,"column":7}},"loc":{"start":{"line":76,"column":15},"end":{"line":81,"column":7}},"line":76},"4":{"name":"(anonymous_4)","decl":{"start":{"line":82,"column":6},"end":{"line":82,"column":7}},"loc":{"start":{"line":82,"column":15},"end":{"line":85,"column":7}},"line":82},"5":{"name":"(anonymous_5)","decl":{"start":{"line":90,"column":20},"end":{"line":90,"column":21}},"loc":{"start":{"line":90,"column":30},"end":{"line":95,"column":1}},"line":90},"6":{"name":"(anonymous_6)","decl":{"start":{"line":92,"column":9},"end":{"line":92,"column":10}},"loc":{"start":{"line":92,"column":18},"end":{"line":94,"column":3}},"line":92}},"branchMap":{"0":{"loc":{"start":{"line":6,"column":4},"end":{"line":10,"column":5}},"type":"if","locations":[{"start":{"line":6,"column":4},"end":{"line":10,"column":5}},{"start":{"line":6,"column":4},"end":{"line":10,"column":5}}],"line":6},"1":{"loc":{"start":{"line":8,"column":11},"end":{"line":10,"column":5}},"type":"if","locations":[{"start":{"line":8,"column":11},"end":{"line":10,"column":5}},{"start":{"line":8,"column":11},"end":{"line":10,"column":5}}],"line":8},"2":{"loc":{"start":{"line":18,"column":4},"end":{"line":20,"column":5}},"type":"if","locations":[{"start":{"line":18,"column":4},"end":{"line":20,"column":5}},{"start":{"line":18,"column":4},"end":{"line":20,"column":5}}],"line":18},"3":{"loc":{"start":{"line":22,"column":4},"end":{"line":24,"column":5}},"type":"if","locations":[{"start":{"line":22,"column":4},"end":{"line":24,"column":5}},{"start":{"line":22,"column":4},"end":{"line":24,"column":5}}],"line":22},"4":{"loc":{"start":{"line":26,"column":4},"end":{"line":28,"column":5}},"type":"if","locations":[{"start":{"line":26,"column":4},"end":{"line":28,"column":5}},{"start":{"line":26,"column":4},"end":{"line":28,"column":5}}],"line":26},"5":{"loc":{"start":{"line":30,"column":4},"end":{"line":32,"column":5}},"type":"if","locations":[{"start":{"line":30,"column":4},"end":{"line":32,"column":5}},{"start":{"line":30,"column":4},"end":{"line":32,"column":5}}],"line":30},"6":{"loc":{"start":{"line":44,"column":4},"end":{"line":48,"column":5}},"type":"if","locations":[{"start":{"line":44,"column":4},"end":{"line":48,"column":5}},{"start":{"line":44,"column":4},"end":{"line":48,"column":5}}],"line":44},"7":{"loc":{"start":{"line":46,"column":11},"end":{"line":48,"column":5}},"type":"if","locations":[{"start":{"line":46,"column":11},"end":{"line":48,"column":5}},{"start":{"line":46,"column":11},"end":{"line":48,"column":5}}],"line":46},"8":{"loc":{"start":{"line":52,"column":4},"end":{"line":59,"column":5}},"type":"if","locations":[{"start":{"line":52,"column":4},"end":{"line":59,"column":5}},{"start":{"line":52,"column":4},"end":{"line":59,"column":5}}],"line":52},"9":{"loc":{"start":{"line":55,"column":8},"end":{"line":57,"column":9}},"type":"if","locations":[{"start":{"line":55,"column":8},"end":{"line":57,"column":9}},{"start":{"line":55,"column":8},"end":{"line":57,"column":9}}],"line":55},"10":{"loc":{"start":{"line":77,"column":8},"end":{"line":80,"column":9}},"type":"if","locations":[{"start":{"line":77,"column":8},"end":{"line":80,"column":9}},{"start":{"line":77,"column":8},"end":{"line":80,"column":9}}],"line":77}},"s":{"0":1,"1":1,"2":4,"3":2,"4":2,"5":1,"6":1,"7":1,"8":4,"9":2,"10":2,"11":2,"12":2,"13":2,"14":0,"15":2,"16":2,"17":2,"18":2,"19":2,"20":0,"21":2,"22":2,"23":0,"24":2,"25":2,"26":2,"27":2,"28":2,"29":2,"30":2,"31":2,"32":2,"33":2,"34":2,"35":2,"36":0,"37":0,"38":2,"39":2,"40":2,"41":2,"42":2,"43":2,"44":0,"45":0,"46":0,"47":2,"48":1,"49":1,"50":1,"51":1,"52":1,"53":1,"54":0,"55":0},"f":{"0":4,"1":2,"2":2,"3":1,"4":1,"5":0,"6":0},"b":{"0":[1,1],"1":[1,0],"2":[0,2],"3":[2,0],"4":[0,2],"5":[0,2],"6":[2,0],"7":[0,0],"8":[2,0],"9":[0,0],"10":[1,0]},"_coverageSchema":"43e27e138ebf9cfc5966b082cf9a028302ed4184","hash":"1067640515ac48e1eae5040a212c125295851b79"}
,"D:\\Study\\Fall2019\\CIS557\\project\\asset\\public\\javascripts\\ProfileController.js": {"path":"D:\\Study\\Fall2019\\CIS557\\project\\asset\\public\\javascripts\\ProfileController.js","statementMap":{"0":{"start":{"line":2,"column":10},"end":{"line":2,"column":36}},"1":{"start":{"line":3,"column":0},"end":{"line":187,"column":3}},"2":{"start":{"line":4,"column":19},"end":{"line":4,"column":50}},"3":{"start":{"line":5,"column":2},"end":{"line":69,"column":4}},"4":{"start":{"line":16,"column":6},"end":{"line":65,"column":7}},"5":{"start":{"line":17,"column":24},"end":{"line":17,"column":39}},"6":{"start":{"line":18,"column":22},"end":{"line":18,"column":35}},"7":{"start":{"line":19,"column":23},"end":{"line":19,"column":37}},"8":{"start":{"line":20,"column":25},"end":{"line":20,"column":41}},"9":{"start":{"line":21,"column":24},"end":{"line":21,"column":26}},"10":{"start":{"line":22,"column":8},"end":{"line":24,"column":9}},"11":{"start":{"line":22,"column":25},"end":{"line":22,"column":26}},"12":{"start":{"line":23,"column":10},"end":{"line":23,"column":45}},"13":{"start":{"line":25,"column":8},"end":{"line":55,"column":9}},"14":{"start":{"line":25,"column":26},"end":{"line":25,"column":27}},"15":{"start":{"line":27,"column":10},"end":{"line":35,"column":11}},"16":{"start":{"line":28,"column":12},"end":{"line":28,"column":45}},"17":{"start":{"line":29,"column":12},"end":{"line":29,"column":47}},"18":{"start":{"line":30,"column":12},"end":{"line":30,"column":55}},"19":{"start":{"line":32,"column":12},"end":{"line":32,"column":46}},"20":{"start":{"line":33,"column":12},"end":{"line":33,"column":43}},"21":{"start":{"line":34,"column":12},"end":{"line":34,"column":55}},"22":{"start":{"line":37,"column":10},"end":{"line":37,"column":41}},"23":{"start":{"line":38,"column":10},"end":{"line":43,"column":11}},"24":{"start":{"line":38,"column":28},"end":{"line":38,"column":29}},"25":{"start":{"line":39,"column":12},"end":{"line":42,"column":13}},"26":{"start":{"line":40,"column":14},"end":{"line":40,"column":62}},"27":{"start":{"line":41,"column":14},"end":{"line":41,"column":20}},"28":{"start":{"line":46,"column":10},"end":{"line":46,"column":43}},"29":{"start":{"line":47,"column":10},"end":{"line":54,"column":11}},"30":{"start":{"line":47,"column":28},"end":{"line":47,"column":29}},"31":{"start":{"line":48,"column":12},"end":{"line":53,"column":13}},"32":{"start":{"line":49,"column":27},"end":{"line":49,"column":65}},"33":{"start":{"line":50,"column":14},"end":{"line":50,"column":70}},"34":{"start":{"line":51,"column":14},"end":{"line":51,"column":65}},"35":{"start":{"line":52,"column":14},"end":{"line":52,"column":20}},"36":{"start":{"line":57,"column":30},"end":{"line":63,"column":10}},"37":{"start":{"line":58,"column":20},"end":{"line":58,"column":43}},"38":{"start":{"line":59,"column":20},"end":{"line":59,"column":43}},"39":{"start":{"line":60,"column":10},"end":{"line":60,"column":34}},"40":{"start":{"line":60,"column":23},"end":{"line":60,"column":32}},"41":{"start":{"line":61,"column":10},"end":{"line":61,"column":35}},"42":{"start":{"line":61,"column":23},"end":{"line":61,"column":33}},"43":{"start":{"line":62,"column":10},"end":{"line":62,"column":19}},"44":{"start":{"line":64,"column":8},"end":{"line":64,"column":42}},"45":{"start":{"line":67,"column":6},"end":{"line":67,"column":69}},"46":{"start":{"line":71,"column":2},"end":{"line":108,"column":4}},"47":{"start":{"line":72,"column":4},"end":{"line":107,"column":6}},"48":{"start":{"line":83,"column":8},"end":{"line":103,"column":9}},"49":{"start":{"line":84,"column":29},"end":{"line":84,"column":69}},"50":{"start":{"line":85,"column":10},"end":{"line":85,"column":63}},"51":{"start":{"line":86,"column":27},"end":{"line":86,"column":69}},"52":{"start":{"line":87,"column":28},"end":{"line":87,"column":55}},"53":{"start":{"line":88,"column":10},"end":{"line":88,"column":43}},"54":{"start":{"line":89,"column":10},"end":{"line":102,"column":11}},"55":{"start":{"line":90,"column":12},"end":{"line":98,"column":15}},"56":{"start":{"line":91,"column":29},"end":{"line":91,"column":45}},"57":{"start":{"line":92,"column":14},"end":{"line":92,"column":62}},"58":{"start":{"line":93,"column":14},"end":{"line":97,"column":16}},"59":{"start":{"line":94,"column":36},"end":{"line":94,"column":49}},"60":{"start":{"line":95,"column":16},"end":{"line":95,"column":92}},"61":{"start":{"line":96,"column":16},"end":{"line":96,"column":63}},"62":{"start":{"line":99,"column":12},"end":{"line":101,"column":15}},"63":{"start":{"line":100,"column":14},"end":{"line":100,"column":48}},"64":{"start":{"line":105,"column":8},"end":{"line":105,"column":59}},"65":{"start":{"line":110,"column":2},"end":{"line":112,"column":4}},"66":{"start":{"line":111,"column":4},"end":{"line":111,"column":43}},"67":{"start":{"line":114,"column":2},"end":{"line":132,"column":4}},"68":{"start":{"line":115,"column":4},"end":{"line":131,"column":6}},"69":{"start":{"line":127,"column":8},"end":{"line":127,"column":33}},"70":{"start":{"line":129,"column":8},"end":{"line":129,"column":60}},"71":{"start":{"line":134,"column":2},"end":{"line":150,"column":4}},"72":{"start":{"line":146,"column":6},"end":{"line":146,"column":91}},"73":{"start":{"line":148,"column":6},"end":{"line":148,"column":51}},"74":{"start":{"line":152,"column":2},"end":{"line":168,"column":4}},"75":{"start":{"line":164,"column":6},"end":{"line":164,"column":99}},"76":{"start":{"line":166,"column":6},"end":{"line":166,"column":51}},"77":{"start":{"line":170,"column":2},"end":{"line":186,"column":4}},"78":{"start":{"line":182,"column":6},"end":{"line":182,"column":101}},"79":{"start":{"line":184,"column":6},"end":{"line":184,"column":51}}},"fnMap":{"0":{"name":"(anonymous_0)","decl":{"start":{"line":3,"column":36},"end":{"line":3,"column":37}},"loc":{"start":{"line":3,"column":59},"end":{"line":187,"column":1}},"line":3},"1":{"name":"(anonymous_1)","decl":{"start":{"line":15,"column":4},"end":{"line":15,"column":5}},"loc":{"start":{"line":15,"column":13},"end":{"line":66,"column":5}},"line":15},"2":{"name":"(anonymous_2)","decl":{"start":{"line":57,"column":43},"end":{"line":57,"column":44}},"loc":{"start":{"line":57,"column":53},"end":{"line":63,"column":9}},"line":57},"3":{"name":"(anonymous_3)","decl":{"start":{"line":66,"column":7},"end":{"line":66,"column":8}},"loc":{"start":{"line":66,"column":16},"end":{"line":68,"column":5}},"line":66},"4":{"name":"(anonymous_4)","decl":{"start":{"line":71,"column":19},"end":{"line":71,"column":20}},"loc":{"start":{"line":71,"column":25},"end":{"line":108,"column":3}},"line":71},"5":{"name":"(anonymous_5)","decl":{"start":{"line":82,"column":6},"end":{"line":82,"column":7}},"loc":{"start":{"line":82,"column":15},"end":{"line":104,"column":7}},"line":82},"6":{"name":"(anonymous_6)","decl":{"start":{"line":90,"column":70},"end":{"line":90,"column":71}},"loc":{"start":{"line":90,"column":81},"end":{"line":98,"column":13}},"line":90},"7":{"name":"(anonymous_7)","decl":{"start":{"line":93,"column":30},"end":{"line":93,"column":31}},"loc":{"start":{"line":93,"column":36},"end":{"line":97,"column":15}},"line":93},"8":{"name":"(anonymous_8)","decl":{"start":{"line":99,"column":51},"end":{"line":99,"column":52}},"loc":{"start":{"line":99,"column":57},"end":{"line":101,"column":13}},"line":99},"9":{"name":"(anonymous_9)","decl":{"start":{"line":104,"column":9},"end":{"line":104,"column":10}},"loc":{"start":{"line":104,"column":18},"end":{"line":106,"column":7}},"line":104},"10":{"name":"(anonymous_10)","decl":{"start":{"line":110,"column":22},"end":{"line":110,"column":23}},"loc":{"start":{"line":110,"column":28},"end":{"line":112,"column":3}},"line":110},"11":{"name":"(anonymous_11)","decl":{"start":{"line":114,"column":22},"end":{"line":114,"column":23}},"loc":{"start":{"line":114,"column":28},"end":{"line":132,"column":3}},"line":114},"12":{"name":"(anonymous_12)","decl":{"start":{"line":126,"column":6},"end":{"line":126,"column":7}},"loc":{"start":{"line":126,"column":12},"end":{"line":128,"column":7}},"line":126},"13":{"name":"(anonymous_13)","decl":{"start":{"line":128,"column":9},"end":{"line":128,"column":10}},"loc":{"start":{"line":128,"column":18},"end":{"line":130,"column":7}},"line":128},"14":{"name":"(anonymous_14)","decl":{"start":{"line":144,"column":4},"end":{"line":144,"column":5}},"loc":{"start":{"line":144,"column":13},"end":{"line":147,"column":5}},"line":144},"15":{"name":"(anonymous_15)","decl":{"start":{"line":147,"column":7},"end":{"line":147,"column":8}},"loc":{"start":{"line":147,"column":16},"end":{"line":149,"column":5}},"line":147},"16":{"name":"(anonymous_16)","decl":{"start":{"line":162,"column":4},"end":{"line":162,"column":5}},"loc":{"start":{"line":162,"column":13},"end":{"line":165,"column":5}},"line":162},"17":{"name":"(anonymous_17)","decl":{"start":{"line":165,"column":7},"end":{"line":165,"column":8}},"loc":{"start":{"line":165,"column":16},"end":{"line":167,"column":5}},"line":165},"18":{"name":"(anonymous_18)","decl":{"start":{"line":180,"column":4},"end":{"line":180,"column":5}},"loc":{"start":{"line":180,"column":13},"end":{"line":183,"column":5}},"line":180},"19":{"name":"(anonymous_19)","decl":{"start":{"line":183,"column":7},"end":{"line":183,"column":8}},"loc":{"start":{"line":183,"column":16},"end":{"line":185,"column":5}},"line":183}},"branchMap":{"0":{"loc":{"start":{"line":16,"column":6},"end":{"line":65,"column":7}},"type":"if","locations":[{"start":{"line":16,"column":6},"end":{"line":65,"column":7}},{"start":{"line":16,"column":6},"end":{"line":65,"column":7}}],"line":16},"1":{"loc":{"start":{"line":27,"column":10},"end":{"line":35,"column":11}},"type":"if","locations":[{"start":{"line":27,"column":10},"end":{"line":35,"column":11}},{"start":{"line":27,"column":10},"end":{"line":35,"column":11}}],"line":27},"2":{"loc":{"start":{"line":39,"column":12},"end":{"line":42,"column":13}},"type":"if","locations":[{"start":{"line":39,"column":12},"end":{"line":42,"column":13}},{"start":{"line":39,"column":12},"end":{"line":42,"column":13}}],"line":39},"3":{"loc":{"start":{"line":48,"column":12},"end":{"line":53,"column":13}},"type":"if","locations":[{"start":{"line":48,"column":12},"end":{"line":53,"column":13}},{"start":{"line":48,"column":12},"end":{"line":53,"column":13}}],"line":48},"4":{"loc":{"start":{"line":60,"column":10},"end":{"line":60,"column":34}},"type":"if","locations":[{"start":{"line":60,"column":10},"end":{"line":60,"column":34}},{"start":{"line":60,"column":10},"end":{"line":60,"column":34}}],"line":60},"5":{"loc":{"start":{"line":61,"column":10},"end":{"line":61,"column":35}},"type":"if","locations":[{"start":{"line":61,"column":10},"end":{"line":61,"column":35}},{"start":{"line":61,"column":10},"end":{"line":61,"column":35}}],"line":61},"6":{"loc":{"start":{"line":83,"column":8},"end":{"line":103,"column":9}},"type":"if","locations":[{"start":{"line":83,"column":8},"end":{"line":103,"column":9}},{"start":{"line":83,"column":8},"end":{"line":103,"column":9}}],"line":83},"7":{"loc":{"start":{"line":89,"column":10},"end":{"line":102,"column":11}},"type":"if","locations":[{"start":{"line":89,"column":10},"end":{"line":102,"column":11}},{"start":{"line":89,"column":10},"end":{"line":102,"column":11}}],"line":89}},"s":{"0":1,"1":1,"2":2,"3":2,"4":1,"5":0,"6":0,"7":0,"8":0,"9":0,"10":0,"11":0,"12":0,"13":0,"14":0,"15":0,"16":0,"17":0,"18":0,"19":0,"20":0,"21":0,"22":0,"23":0,"24":0,"25":0,"26":0,"27":0,"28":0,"29":0,"30":0,"31":0,"32":0,"33":0,"34":0,"35":0,"36":0,"37":0,"38":0,"39":0,"40":0,"41":0,"42":0,"43":0,"44":0,"45":1,"46":2,"47":2,"48":1,"49":0,"50":0,"51":0,"52":0,"53":0,"54":0,"55":0,"56":0,"57":0,"58":0,"59":0,"60":0,"61":0,"62":0,"63":0,"64":1,"65":2,"66":2,"67":2,"68":1,"69":1,"70":0,"71":2,"72":1,"73":1,"74":2,"75":1,"76":1,"77":2,"78":1,"79":1},"f":{"0":2,"1":1,"2":0,"3":1,"4":2,"5":1,"6":0,"7":0,"8":0,"9":1,"10":2,"11":1,"12":1,"13":0,"14":1,"15":1,"16":1,"17":1,"18":1,"19":1},"b":{"0":[0,1],"1":[0,0],"2":[0,0],"3":[0,0],"4":[0,0],"5":[0,0],"6":[0,1],"7":[0,0]},"_coverageSchema":"43e27e138ebf9cfc5966b082cf9a028302ed4184","hash":"f6a749ed851495068f89b1082f3971583ab859bc"}
,"D:\\Study\\Fall2019\\CIS557\\project\\asset\\public\\javascripts\\ReadController.js": {"path":"D:\\Study\\Fall2019\\CIS557\\project\\asset\\public\\javascripts\\ReadController.js","statementMap":{"0":{"start":{"line":5,"column":0},"end":{"line":9,"column":1}},"1":{"start":{"line":6,"column":2},"end":{"line":6,"column":32}},"2":{"start":{"line":8,"column":2},"end":{"line":8,"column":36}},"3":{"start":{"line":12,"column":0},"end":{"line":243,"column":3}},"4":{"start":{"line":13,"column":19},"end":{"line":13,"column":50}},"5":{"start":{"line":15,"column":2},"end":{"line":112,"column":4}},"6":{"start":{"line":26,"column":6},"end":{"line":108,"column":7}},"7":{"start":{"line":27,"column":24},"end":{"line":27,"column":39}},"8":{"start":{"line":28,"column":22},"end":{"line":28,"column":35}},"9":{"start":{"line":29,"column":22},"end":{"line":29,"column":35}},"10":{"start":{"line":30,"column":23},"end":{"line":30,"column":37}},"11":{"start":{"line":31,"column":25},"end":{"line":31,"column":41}},"12":{"start":{"line":32,"column":22},"end":{"line":32,"column":38}},"13":{"start":{"line":33,"column":22},"end":{"line":33,"column":41}},"14":{"start":{"line":34,"column":24},"end":{"line":34,"column":26}},"15":{"start":{"line":35,"column":8},"end":{"line":37,"column":9}},"16":{"start":{"line":35,"column":25},"end":{"line":35,"column":26}},"17":{"start":{"line":36,"column":10},"end":{"line":36,"column":45}},"18":{"start":{"line":38,"column":8},"end":{"line":98,"column":9}},"19":{"start":{"line":38,"column":26},"end":{"line":38,"column":27}},"20":{"start":{"line":39,"column":10},"end":{"line":44,"column":11}},"21":{"start":{"line":39,"column":28},"end":{"line":39,"column":29}},"22":{"start":{"line":40,"column":12},"end":{"line":43,"column":13}},"23":{"start":{"line":41,"column":14},"end":{"line":41,"column":57}},"24":{"start":{"line":42,"column":14},"end":{"line":42,"column":20}},"25":{"start":{"line":46,"column":10},"end":{"line":54,"column":11}},"26":{"start":{"line":47,"column":12},"end":{"line":47,"column":45}},"27":{"start":{"line":48,"column":12},"end":{"line":48,"column":47}},"28":{"start":{"line":49,"column":12},"end":{"line":49,"column":55}},"29":{"start":{"line":51,"column":12},"end":{"line":51,"column":46}},"30":{"start":{"line":52,"column":12},"end":{"line":52,"column":43}},"31":{"start":{"line":53,"column":12},"end":{"line":53,"column":55}},"32":{"start":{"line":57,"column":10},"end":{"line":57,"column":40}},"33":{"start":{"line":58,"column":10},"end":{"line":63,"column":11}},"34":{"start":{"line":58,"column":28},"end":{"line":58,"column":29}},"35":{"start":{"line":59,"column":12},"end":{"line":62,"column":13}},"36":{"start":{"line":60,"column":14},"end":{"line":60,"column":62}},"37":{"start":{"line":61,"column":14},"end":{"line":61,"column":20}},"38":{"start":{"line":66,"column":10},"end":{"line":66,"column":43}},"39":{"start":{"line":67,"column":10},"end":{"line":82,"column":11}},"40":{"start":{"line":67,"column":28},"end":{"line":67,"column":29}},"41":{"start":{"line":68,"column":12},"end":{"line":81,"column":13}},"42":{"start":{"line":69,"column":27},"end":{"line":69,"column":65}},"43":{"start":{"line":70,"column":14},"end":{"line":70,"column":70}},"44":{"start":{"line":71,"column":14},"end":{"line":79,"column":15}},"45":{"start":{"line":71,"column":32},"end":{"line":71,"column":33}},"46":{"start":{"line":72,"column":16},"end":{"line":78,"column":17}},"47":{"start":{"line":73,"column":18},"end":{"line":73,"column":59}},"48":{"start":{"line":74,"column":18},"end":{"line":74,"column":86}},"49":{"start":{"line":76,"column":18},"end":{"line":76,"column":47}},"50":{"start":{"line":77,"column":18},"end":{"line":77,"column":46}},"51":{"start":{"line":80,"column":14},"end":{"line":80,"column":65}},"52":{"start":{"line":85,"column":27},"end":{"line":85,"column":32}},"53":{"start":{"line":86,"column":10},"end":{"line":92,"column":11}},"54":{"start":{"line":86,"column":28},"end":{"line":86,"column":29}},"55":{"start":{"line":87,"column":12},"end":{"line":91,"column":13}},"56":{"start":{"line":89,"column":14},"end":{"line":89,"column":32}},"57":{"start":{"line":90,"column":14},"end":{"line":90,"column":20}},"58":{"start":{"line":93,"column":10},"end":{"line":97,"column":11}},"59":{"start":{"line":94,"column":12},"end":{"line":94,"column":55}},"60":{"start":{"line":96,"column":12},"end":{"line":96,"column":40}},"61":{"start":{"line":100,"column":30},"end":{"line":106,"column":10}},"62":{"start":{"line":101,"column":20},"end":{"line":101,"column":43}},"63":{"start":{"line":102,"column":20},"end":{"line":102,"column":43}},"64":{"start":{"line":103,"column":10},"end":{"line":103,"column":34}},"65":{"start":{"line":103,"column":23},"end":{"line":103,"column":32}},"66":{"start":{"line":104,"column":10},"end":{"line":104,"column":35}},"67":{"start":{"line":104,"column":23},"end":{"line":104,"column":33}},"68":{"start":{"line":105,"column":10},"end":{"line":105,"column":19}},"69":{"start":{"line":107,"column":8},"end":{"line":107,"column":41}},"70":{"start":{"line":110,"column":6},"end":{"line":110,"column":59}},"71":{"start":{"line":114,"column":2},"end":{"line":137,"column":4}},"72":{"start":{"line":115,"column":4},"end":{"line":136,"column":6}},"73":{"start":{"line":126,"column":8},"end":{"line":132,"column":9}},"74":{"start":{"line":127,"column":29},"end":{"line":127,"column":69}},"75":{"start":{"line":128,"column":10},"end":{"line":128,"column":63}},"76":{"start":{"line":129,"column":27},"end":{"line":129,"column":69}},"77":{"start":{"line":130,"column":28},"end":{"line":130,"column":55}},"78":{"start":{"line":131,"column":10},"end":{"line":131,"column":43}},"79":{"start":{"line":134,"column":8},"end":{"line":134,"column":59}},"80":{"start":{"line":139,"column":2},"end":{"line":155,"column":4}},"81":{"start":{"line":150,"column":6},"end":{"line":150,"column":28}},"82":{"start":{"line":151,"column":6},"end":{"line":151,"column":34}},"83":{"start":{"line":153,"column":6},"end":{"line":153,"column":59}},"84":{"start":{"line":157,"column":2},"end":{"line":173,"column":4}},"85":{"start":{"line":168,"column":6},"end":{"line":168,"column":28}},"86":{"start":{"line":169,"column":6},"end":{"line":169,"column":33}},"87":{"start":{"line":171,"column":6},"end":{"line":171,"column":58}},"88":{"start":{"line":175,"column":2},"end":{"line":195,"column":4}},"89":{"start":{"line":176,"column":21},"end":{"line":176,"column":50}},"90":{"start":{"line":177,"column":4},"end":{"line":194,"column":6}},"91":{"start":{"line":186,"column":8},"end":{"line":190,"column":9}},"92":{"start":{"line":187,"column":10},"end":{"line":187,"column":79}},"93":{"start":{"line":188,"column":15},"end":{"line":190,"column":9}},"94":{"start":{"line":189,"column":10},"end":{"line":189,"column":59}},"95":{"start":{"line":192,"column":8},"end":{"line":192,"column":59}},"96":{"start":{"line":197,"column":2},"end":{"line":212,"column":4}},"97":{"start":{"line":208,"column":6},"end":{"line":208,"column":32}},"98":{"start":{"line":210,"column":6},"end":{"line":210,"column":69}},"99":{"start":{"line":214,"column":2},"end":{"line":242,"column":4}},"100":{"start":{"line":215,"column":19},"end":{"line":215,"column":56}},"101":{"start":{"line":216,"column":19},"end":{"line":216,"column":46}},"102":{"start":{"line":217,"column":4},"end":{"line":217,"column":24}},"103":{"start":{"line":218,"column":4},"end":{"line":241,"column":6}},"104":{"start":{"line":231,"column":8},"end":{"line":237,"column":9}},"105":{"start":{"line":232,"column":10},"end":{"line":232,"column":30}},"106":{"start":{"line":233,"column":10},"end":{"line":233,"column":40}},"107":{"start":{"line":234,"column":15},"end":{"line":237,"column":9}},"108":{"start":{"line":235,"column":10},"end":{"line":235,"column":32}},"109":{"start":{"line":236,"column":10},"end":{"line":236,"column":38}},"110":{"start":{"line":239,"column":8},"end":{"line":239,"column":53}}},"fnMap":{"0":{"name":"(anonymous_0)","decl":{"start":{"line":12,"column":33},"end":{"line":12,"column":34}},"loc":{"start":{"line":12,"column":56},"end":{"line":243,"column":1}},"line":12},"1":{"name":"(anonymous_1)","decl":{"start":{"line":25,"column":4},"end":{"line":25,"column":5}},"loc":{"start":{"line":25,"column":13},"end":{"line":109,"column":5}},"line":25},"2":{"name":"(anonymous_2)","decl":{"start":{"line":100,"column":43},"end":{"line":100,"column":44}},"loc":{"start":{"line":100,"column":53},"end":{"line":106,"column":9}},"line":100},"3":{"name":"(anonymous_3)","decl":{"start":{"line":109,"column":7},"end":{"line":109,"column":8}},"loc":{"start":{"line":109,"column":16},"end":{"line":111,"column":5}},"line":109},"4":{"name":"(anonymous_4)","decl":{"start":{"line":114,"column":19},"end":{"line":114,"column":20}},"loc":{"start":{"line":114,"column":25},"end":{"line":137,"column":3}},"line":114},"5":{"name":"(anonymous_5)","decl":{"start":{"line":125,"column":6},"end":{"line":125,"column":7}},"loc":{"start":{"line":125,"column":15},"end":{"line":133,"column":7}},"line":125},"6":{"name":"(anonymous_6)","decl":{"start":{"line":133,"column":9},"end":{"line":133,"column":10}},"loc":{"start":{"line":133,"column":18},"end":{"line":135,"column":7}},"line":133},"7":{"name":"(anonymous_7)","decl":{"start":{"line":149,"column":4},"end":{"line":149,"column":5}},"loc":{"start":{"line":149,"column":13},"end":{"line":152,"column":5}},"line":149},"8":{"name":"(anonymous_8)","decl":{"start":{"line":152,"column":7},"end":{"line":152,"column":8}},"loc":{"start":{"line":152,"column":16},"end":{"line":154,"column":5}},"line":152},"9":{"name":"(anonymous_9)","decl":{"start":{"line":167,"column":4},"end":{"line":167,"column":5}},"loc":{"start":{"line":167,"column":13},"end":{"line":170,"column":5}},"line":167},"10":{"name":"(anonymous_10)","decl":{"start":{"line":170,"column":7},"end":{"line":170,"column":8}},"loc":{"start":{"line":170,"column":16},"end":{"line":172,"column":5}},"line":170},"11":{"name":"(anonymous_11)","decl":{"start":{"line":175,"column":21},"end":{"line":175,"column":22}},"loc":{"start":{"line":175,"column":38},"end":{"line":195,"column":3}},"line":175},"12":{"name":"(anonymous_12)","decl":{"start":{"line":185,"column":6},"end":{"line":185,"column":7}},"loc":{"start":{"line":185,"column":15},"end":{"line":191,"column":7}},"line":185},"13":{"name":"(anonymous_13)","decl":{"start":{"line":191,"column":9},"end":{"line":191,"column":10}},"loc":{"start":{"line":191,"column":18},"end":{"line":193,"column":7}},"line":191},"14":{"name":"(anonymous_14)","decl":{"start":{"line":207,"column":4},"end":{"line":207,"column":5}},"loc":{"start":{"line":207,"column":13},"end":{"line":209,"column":5}},"line":207},"15":{"name":"(anonymous_15)","decl":{"start":{"line":209,"column":7},"end":{"line":209,"column":8}},"loc":{"start":{"line":209,"column":16},"end":{"line":211,"column":5}},"line":209},"16":{"name":"(anonymous_16)","decl":{"start":{"line":214,"column":22},"end":{"line":214,"column":23}},"loc":{"start":{"line":214,"column":35},"end":{"line":242,"column":3}},"line":214},"17":{"name":"(anonymous_17)","decl":{"start":{"line":230,"column":6},"end":{"line":230,"column":7}},"loc":{"start":{"line":230,"column":15},"end":{"line":238,"column":7}},"line":230},"18":{"name":"(anonymous_18)","decl":{"start":{"line":238,"column":9},"end":{"line":238,"column":10}},"loc":{"start":{"line":238,"column":18},"end":{"line":240,"column":7}},"line":238}},"branchMap":{"0":{"loc":{"start":{"line":26,"column":6},"end":{"line":108,"column":7}},"type":"if","locations":[{"start":{"line":26,"column":6},"end":{"line":108,"column":7}},{"start":{"line":26,"column":6},"end":{"line":108,"column":7}}],"line":26},"1":{"loc":{"start":{"line":40,"column":12},"end":{"line":43,"column":13}},"type":"if","locations":[{"start":{"line":40,"column":12},"end":{"line":43,"column":13}},{"start":{"line":40,"column":12},"end":{"line":43,"column":13}}],"line":40},"2":{"loc":{"start":{"line":46,"column":10},"end":{"line":54,"column":11}},"type":"if","locations":[{"start":{"line":46,"column":10},"end":{"line":54,"column":11}},{"start":{"line":46,"column":10},"end":{"line":54,"column":11}}],"line":46},"3":{"loc":{"start":{"line":59,"column":12},"end":{"line":62,"column":13}},"type":"if","locations":[{"start":{"line":59,"column":12},"end":{"line":62,"column":13}},{"start":{"line":59,"column":12},"end":{"line":62,"column":13}}],"line":59},"4":{"loc":{"start":{"line":68,"column":12},"end":{"line":81,"column":13}},"type":"if","locations":[{"start":{"line":68,"column":12},"end":{"line":81,"column":13}},{"start":{"line":68,"column":12},"end":{"line":81,"column":13}}],"line":68},"5":{"loc":{"start":{"line":72,"column":16},"end":{"line":78,"column":17}},"type":"if","locations":[{"start":{"line":72,"column":16},"end":{"line":78,"column":17}},{"start":{"line":72,"column":16},"end":{"line":78,"column":17}}],"line":72},"6":{"loc":{"start":{"line":72,"column":20},"end":{"line":72,"column":131}},"type":"binary-expr","locations":[{"start":{"line":72,"column":20},"end":{"line":72,"column":79}},{"start":{"line":72,"column":83},"end":{"line":72,"column":131}}],"line":72},"7":{"loc":{"start":{"line":87,"column":12},"end":{"line":91,"column":13}},"type":"if","locations":[{"start":{"line":87,"column":12},"end":{"line":91,"column":13}},{"start":{"line":87,"column":12},"end":{"line":91,"column":13}}],"line":87},"8":{"loc":{"start":{"line":87,"column":16},"end":{"line":88,"column":76}},"type":"binary-expr","locations":[{"start":{"line":87,"column":17},"end":{"line":87,"column":66}},{"start":{"line":88,"column":16},"end":{"line":88,"column":75}}],"line":87},"9":{"loc":{"start":{"line":93,"column":10},"end":{"line":97,"column":11}},"type":"if","locations":[{"start":{"line":93,"column":10},"end":{"line":97,"column":11}},{"start":{"line":93,"column":10},"end":{"line":97,"column":11}}],"line":93},"10":{"loc":{"start":{"line":103,"column":10},"end":{"line":103,"column":34}},"type":"if","locations":[{"start":{"line":103,"column":10},"end":{"line":103,"column":34}},{"start":{"line":103,"column":10},"end":{"line":103,"column":34}}],"line":103},"11":{"loc":{"start":{"line":104,"column":10},"end":{"line":104,"column":35}},"type":"if","locations":[{"start":{"line":104,"column":10},"end":{"line":104,"column":35}},{"start":{"line":104,"column":10},"end":{"line":104,"column":35}}],"line":104},"12":{"loc":{"start":{"line":126,"column":8},"end":{"line":132,"column":9}},"type":"if","locations":[{"start":{"line":126,"column":8},"end":{"line":132,"column":9}},{"start":{"line":126,"column":8},"end":{"line":132,"column":9}}],"line":126},"13":{"loc":{"start":{"line":186,"column":8},"end":{"line":190,"column":9}},"type":"if","locations":[{"start":{"line":186,"column":8},"end":{"line":190,"column":9}},{"start":{"line":186,"column":8},"end":{"line":190,"column":9}}],"line":186},"14":{"loc":{"start":{"line":188,"column":15},"end":{"line":190,"column":9}},"type":"if","locations":[{"start":{"line":188,"column":15},"end":{"line":190,"column":9}},{"start":{"line":188,"column":15},"end":{"line":190,"column":9}}],"line":188},"15":{"loc":{"start":{"line":231,"column":8},"end":{"line":237,"column":9}},"type":"if","locations":[{"start":{"line":231,"column":8},"end":{"line":237,"column":9}},{"start":{"line":231,"column":8},"end":{"line":237,"column":9}}],"line":231},"16":{"loc":{"start":{"line":234,"column":15},"end":{"line":237,"column":9}},"type":"if","locations":[{"start":{"line":234,"column":15},"end":{"line":237,"column":9}},{"start":{"line":234,"column":15},"end":{"line":237,"column":9}}],"line":234}},"s":{"0":1,"1":1,"2":1,"3":1,"4":7,"5":7,"6":6,"7":5,"8":5,"9":5,"10":5,"11":5,"12":5,"13":5,"14":5,"15":5,"16":5,"17":5,"18":5,"19":5,"20":5,"21":5,"22":5,"23":5,"24":5,"25":5,"26":5,"27":5,"28":5,"29":0,"30":0,"31":0,"32":5,"33":5,"34":5,"35":5,"36":5,"37":5,"38":5,"39":5,"40":5,"41":5,"42":5,"43":5,"44":5,"45":5,"46":0,"47":0,"48":0,"49":0,"50":0,"51":5,"52":5,"53":5,"54":5,"55":0,"56":0,"57":0,"58":5,"59":0,"60":5,"61":5,"62":0,"63":0,"64":0,"65":0,"66":0,"67":0,"68":0,"69":5,"70":1,"71":7,"72":3,"73":2,"74":2,"75":2,"76":2,"77":2,"78":2,"79":1,"80":7,"81":6,"82":6,"83":1,"84":7,"85":6,"86":6,"87":1,"88":7,"89":1,"90":1,"91":1,"92":1,"93":0,"94":0,"95":0,"96":7,"97":6,"98":1,"99":7,"100":3,"101":3,"102":3,"103":3,"104":2,"105":0,"106":0,"107":2,"108":0,"109":0,"110":1},"f":{"0":7,"1":6,"2":0,"3":1,"4":3,"5":2,"6":1,"7":6,"8":1,"9":6,"10":1,"11":1,"12":1,"13":0,"14":6,"15":1,"16":3,"17":2,"18":1},"b":{"0":[5,1],"1":[5,0],"2":[5,0],"3":[5,0],"4":[5,0],"5":[0,0],"6":[0,0],"7":[0,0],"8":[0,0],"9":[0,5],"10":[0,0],"11":[0,0],"12":[2,0],"13":[1,0],"14":[0,0],"15":[0,2],"16":[0,2]},"_coverageSchema":"43e27e138ebf9cfc5966b082cf9a028302ed4184","hash":"5740a659705606b4545214f45e9bf10d2885582c"}
}
