TN:
SF:D:\Study\Fall2019\CIS557\project\asset\public\javascripts\DynamicController.js
FN:10,(anonymous_0)
FN:13,(anonymous_1)
FN:30,(anonymous_2)
FN:39,(anonymous_3)
FN:56,(anonymous_4)
FN:64,(anonymous_5)
FN:71,(anonymous_6)
FN:87,(anonymous_7)
FN:144,(anonymous_8)
FN:150,(anonymous_9)
FN:158,(anonymous_10)
FN:170,(anonymous_11)
FN:175,(anonymous_12)
FN:182,(anonymous_13)
FN:194,(anonymous_14)
FN:199,(anonymous_15)
FN:206,(anonymous_16)
FN:214,(anonymous_17)
FN:219,(anonymous_18)
FNF:19
FNH:16
FNDA:12,(anonymous_0)
FNDA:2,(anonymous_1)
FNDA:1,(anonymous_2)
FNDA:0,(anonymous_3)
FNDA:1,(anonymous_4)
FNDA:0,(anonymous_5)
FNDA:3,(anonymous_6)
FNDA:2,(anonymous_7)
FNDA:1,(anonymous_8)
FNDA:1,(anonymous_9)
FNDA:2,(anonymous_10)
FNDA:1,(anonymous_11)
FNDA:1,(anonymous_12)
FNDA:2,(anonymous_13)
FNDA:1,(anonymous_14)
FNDA:1,(anonymous_15)
FNDA:1,(anonymous_16)
FNDA:1,(anonymous_17)
FNDA:0,(anonymous_18)
DA:4,1
DA:5,1
DA:7,1
DA:10,1
DA:11,12
DA:13,12
DA:14,2
DA:15,2
DA:16,2
DA:18,1
DA:31,1
DA:32,1
DA:33,1
DA:34,1
DA:36,1
DA:40,0
DA:43,1
DA:44,1
DA:57,1
DA:58,1
DA:59,1
DA:60,1
DA:61,1
DA:65,0
DA:71,12
DA:72,3
DA:73,3
DA:74,1
DA:75,1
DA:76,2
DA:77,1
DA:78,1
DA:79,1
DA:80,1
DA:81,1
DA:83,0
DA:87,12
DA:88,2
DA:89,2
DA:90,2
DA:91,2
DA:92,2
DA:93,2
DA:94,0
DA:96,2
DA:97,2
DA:98,2
DA:100,2
DA:101,2
DA:102,0
DA:104,2
DA:105,2
DA:106,0
DA:108,2
DA:109,2
DA:110,2
DA:111,2
DA:112,2
DA:113,2
DA:114,2
DA:115,2
DA:116,2
DA:117,2
DA:118,2
DA:120,2
DA:121,2
DA:122,2
DA:123,2
DA:124,0
DA:125,0
DA:126,0
DA:130,2
DA:145,1
DA:146,1
DA:147,1
DA:151,1
DA:152,1
DA:158,12
DA:159,2
DA:171,1
DA:172,1
DA:173,1
DA:176,1
DA:177,1
DA:182,12
DA:183,2
DA:195,1
DA:196,1
DA:197,1
DA:200,1
DA:201,1
DA:206,12
DA:207,1
DA:215,1
DA:216,1
DA:217,1
DA:220,0
LF:97
LH:87
BRDA:16,0,0,1
BRDA:16,0,1,1
BRDA:31,1,0,1
BRDA:31,1,1,0
BRDA:43,2,0,1
BRDA:43,2,1,0
BRDA:57,3,0,1
BRDA:57,3,1,0
BRDA:73,4,0,1
BRDA:73,4,1,2
BRDA:76,5,0,1
BRDA:76,5,1,1
BRDA:79,6,0,1
BRDA:79,6,1,0
BRDA:93,7,0,0
BRDA:93,7,1,2
BRDA:97,8,0,2
BRDA:97,8,1,0
BRDA:101,9,0,0
BRDA:101,9,1,2
BRDA:105,10,0,0
BRDA:105,10,1,2
BRDA:122,11,0,2
BRDA:122,11,1,0
BRDA:125,12,0,0
BRDA:125,12,1,0
BRDA:145,13,0,1
BRDA:145,13,1,0
BRDA:171,14,0,1
BRDA:171,14,1,0
BRDA:195,15,0,1
BRDA:195,15,1,0
BRDA:215,16,0,1
BRDA:215,16,1,0
BRF:34
BRH:19
end_of_record
TN:
SF:D:\Study\Fall2019\CIS557\project\asset\public\javascripts\FriendController.js
FN:4,(anonymous_0)
FN:5,(anonymous_1)
FN:19,(anonymous_2)
FN:25,(anonymous_3)
FN:35,(anonymous_4)
FN:47,(anonymous_5)
FN:50,(anonymous_6)
FN:65,(anonymous_7)
FN:68,(anonymous_8)
FN:73,(anonymous_9)
FN:83,(anonymous_10)
FN:89,(anonymous_11)
FN:96,(anonymous_12)
FN:108,(anonymous_13)
FN:110,(anonymous_14)
FN:115,(anonymous_15)
FN:130,(anonymous_16)
FN:138,(anonymous_17)
FNF:18
FNH:15
FNDA:3,(anonymous_0)
FNDA:3,(anonymous_1)
FNDA:2,(anonymous_2)
FNDA:1,(anonymous_3)
FNDA:1,(anonymous_4)
FNDA:1,(anonymous_5)
FNDA:0,(anonymous_6)
FNDA:1,(anonymous_7)
FNDA:0,(anonymous_8)
FNDA:1,(anonymous_9)
FNDA:1,(anonymous_10)
FNDA:0,(anonymous_11)
FNDA:3,(anonymous_12)
FNDA:2,(anonymous_13)
FNDA:1,(anonymous_14)
FNDA:3,(anonymous_15)
FNDA:2,(anonymous_16)
FNDA:1,(anonymous_17)
DA:2,1
DA:4,1
DA:5,3
DA:6,3
DA:7,3
DA:8,3
DA:20,2
DA:21,1
DA:22,1
DA:23,1
DA:26,1
DA:27,1
DA:29,1
DA:35,1
DA:36,1
DA:37,1
DA:48,1
DA:49,1
DA:51,0
DA:55,1
DA:66,1
DA:67,1
DA:69,0
DA:73,1
DA:74,1
DA:75,1
DA:84,1
DA:85,1
DA:86,0
DA:87,0
DA:90,0
DA:96,1
DA:97,3
DA:98,3
DA:109,2
DA:111,1
DA:115,3
DA:116,3
DA:117,3
DA:118,3
DA:131,2
DA:132,1
DA:133,1
DA:134,1
DA:135,1
DA:136,1
DA:139,1
LF:47
LH:42
BRDA:20,0,0,1
BRDA:20,0,1,1
BRDA:22,1,0,1
BRDA:22,1,1,0
BRDA:26,2,0,1
BRDA:26,2,1,0
BRDA:84,3,0,1
BRDA:84,3,1,0
BRDA:86,4,0,0
BRDA:86,4,1,0
BRDA:131,5,0,1
BRDA:131,5,1,1
BRDA:134,6,0,1
BRDA:134,6,1,0
BRF:14
BRH:8
end_of_record
TN:
SF:D:\Study\Fall2019\CIS557\project\asset\public\javascripts\GuestProfileController.js
FN:4,(anonymous_0)
FN:17,(anonymous_1)
FN:59,(anonymous_2)
FN:68,(anonymous_3)
FN:73,(anonymous_4)
FN:84,(anonymous_5)
FN:92,(anonymous_6)
FN:109,(anonymous_7)
FN:113,(anonymous_8)
FN:128,(anonymous_9)
FN:132,(anonymous_10)
FN:147,(anonymous_11)
FN:151,(anonymous_12)
FN:167,(anonymous_13)
FN:174,(anonymous_14)
FN:179,(anonymous_15)
FN:193,(anonymous_16)
FN:201,(anonymous_17)
FNF:18
FNH:16
FNDA:3,(anonymous_0)
FNDA:2,(anonymous_1)
FNDA:0,(anonymous_2)
FNDA:1,(anonymous_3)
FNDA:1,(anonymous_4)
FNDA:0,(anonymous_5)
FNDA:1,(anonymous_6)
FNDA:2,(anonymous_7)
FNDA:1,(anonymous_8)
FNDA:2,(anonymous_9)
FNDA:1,(anonymous_10)
FNDA:2,(anonymous_11)
FNDA:1,(anonymous_12)
FNDA:2,(anonymous_13)
FNDA:1,(anonymous_14)
FNDA:2,(anonymous_15)
FNDA:1,(anonymous_16)
FNDA:1,(anonymous_17)
DA:2,1
DA:4,1
DA:5,3
DA:6,3
DA:18,2
DA:19,0
DA:20,0
DA:21,0
DA:22,0
DA:23,0
DA:24,0
DA:25,0
DA:27,0
DA:29,0
DA:30,0
DA:31,0
DA:32,0
DA:34,0
DA:35,0
DA:36,0
DA:39,0
DA:40,0
DA:41,0
DA:42,0
DA:43,0
DA:48,0
DA:49,0
DA:50,0
DA:51,0
DA:52,0
DA:53,0
DA:54,0
DA:59,0
DA:60,0
DA:61,0
DA:62,0
DA:63,0
DA:64,0
DA:66,0
DA:69,1
DA:73,3
DA:74,1
DA:85,0
DA:86,0
DA:87,0
DA:88,0
DA:89,0
DA:90,0
DA:93,1
DA:98,3
DA:111,2
DA:112,2
DA:114,1
DA:118,3
DA:130,2
DA:131,2
DA:133,1
DA:137,3
DA:149,2
DA:150,2
DA:152,1
DA:156,3
DA:169,2
DA:170,0
DA:172,2
DA:175,1
DA:179,3
DA:180,2
DA:181,2
DA:194,1
DA:195,1
DA:196,1
DA:197,0
DA:198,0
DA:199,0
DA:202,1
LF:76
LH:32
BRDA:18,0,0,0
BRDA:18,0,1,2
BRDA:29,1,0,0
BRDA:29,1,1,0
BRDA:41,2,0,0
BRDA:41,2,1,0
BRDA:50,3,0,0
BRDA:50,3,1,0
BRDA:62,4,0,0
BRDA:62,4,1,0
BRDA:63,5,0,0
BRDA:63,5,1,0
BRDA:85,6,0,0
BRDA:85,6,1,0
BRDA:169,7,0,0
BRDA:169,7,1,2
BRDA:194,8,0,1
BRDA:194,8,1,0
BRDA:197,9,0,0
BRDA:197,9,1,0
BRF:20
BRH:3
end_of_record
TN:
SF:D:\Study\Fall2019\CIS557\project\asset\public\javascripts\LoginController.js
FN:3,(anonymous_0)
FN:4,(anonymous_1)
FN:14,(anonymous_2)
FN:22,(anonymous_3)
FN:63,(anonymous_4)
FN:75,(anonymous_5)
FN:83,(anonymous_6)
FNF:7
FNH:7
FNDA:4,(anonymous_0)
FNDA:2,(anonymous_1)
FNDA:1,(anonymous_2)
FNDA:1,(anonymous_3)
FNDA:2,(anonymous_4)
FNDA:1,(anonymous_5)
FNDA:1,(anonymous_6)
DA:1,1
DA:3,1
DA:4,4
DA:6,2
DA:15,1
DA:16,1
DA:17,0
DA:19,1
DA:20,1
DA:23,1
DA:24,1
DA:25,1
DA:26,1
DA:27,1
DA:28,1
DA:29,0
DA:30,0
DA:31,0
DA:32,0
DA:33,0
DA:34,0
DA:35,0
DA:36,0
DA:37,0
DA:38,0
DA:39,0
DA:40,0
DA:41,0
DA:42,0
DA:43,0
DA:44,0
DA:45,0
DA:46,0
DA:47,0
DA:48,0
DA:49,0
DA:50,0
DA:51,0
DA:52,0
DA:53,0
DA:54,0
DA:55,0
DA:56,0
DA:58,1
DA:63,4
DA:64,2
DA:65,2
DA:66,2
DA:76,1
DA:77,0
DA:78,0
DA:79,0
DA:80,0
DA:81,0
DA:84,1
DA:85,0
DA:86,0
DA:87,0
DA:88,0
DA:89,0
DA:90,1
DA:91,0
DA:92,0
DA:93,0
DA:94,0
DA:95,0
DA:96,1
DA:97,1
DA:98,1
DA:99,1
DA:101,1
LF:71
LH:27
BRDA:15,0,0,1
BRDA:15,0,1,0
BRDA:16,1,0,0
BRDA:16,1,1,1
BRDA:23,2,0,1
BRDA:23,2,1,0
BRDA:29,3,0,0
BRDA:29,3,1,0
BRDA:35,4,0,0
BRDA:35,4,1,0
BRDA:41,5,0,0
BRDA:41,5,1,0
BRDA:47,6,0,0
BRDA:47,6,1,0
BRDA:51,7,0,0
BRDA:51,7,1,0
BRDA:76,8,0,0
BRDA:76,8,1,1
BRDA:84,9,0,0
BRDA:84,9,1,1
BRDA:90,10,0,0
BRDA:90,10,1,1
BRDA:96,11,0,1
BRDA:96,11,1,0
BRF:24
BRH:7
end_of_record
TN:
SF:D:\Study\Fall2019\CIS557\project\asset\public\javascripts\Post.js
FN:2,uploadImage
FN:12,loadImage
FN:14,(anonymous_2)
FN:27,(anonymous_3)
FN:37,clearPostModal
FN:56,clearCommentModal
FN:69,clearDelPostModal
FN:79,clearDelCommentModal
FNF:8
FNH:6
FNDA:1,uploadImage
FNDA:2,loadImage
FNDA:0,(anonymous_2)
FNDA:0,(anonymous_3)
FNDA:1,clearPostModal
FNDA:1,clearCommentModal
FNDA:1,clearDelPostModal
FNDA:1,clearDelCommentModal
DA:3,1
DA:4,1
DA:6,1
DA:7,1
DA:13,2
DA:14,2
DA:15,0
DA:16,0
DA:17,0
DA:18,0
DA:19,0
DA:20,0
DA:21,0
DA:22,0
DA:23,0
DA:24,0
DA:25,0
DA:26,0
DA:27,0
DA:28,0
DA:29,0
DA:34,1
DA:38,1
DA:39,1
DA:40,1
DA:41,1
DA:42,1
DA:43,1
DA:44,1
DA:45,1
DA:46,1
DA:47,1
DA:48,1
DA:50,1
DA:51,1
DA:57,1
DA:58,1
DA:59,1
DA:60,1
DA:61,1
DA:63,1
DA:64,1
DA:70,1
DA:71,1
DA:72,1
DA:74,1
DA:75,1
DA:80,1
DA:81,1
DA:82,1
DA:84,1
DA:85,1
DA:89,1
LF:53
LH:38
BRDA:6,0,0,1
BRDA:6,0,1,0
BRDA:13,1,0,2
BRDA:13,1,1,0
BRDA:50,2,0,1
BRDA:50,2,1,0
BRDA:63,3,0,1
BRDA:63,3,1,0
BRDA:74,4,0,1
BRDA:74,4,1,0
BRDA:84,5,0,1
BRDA:84,5,1,0
BRF:12
BRH:6
end_of_record
TN:
SF:D:\Study\Fall2019\CIS557\project\asset\public\javascripts\PostController.js
FN:3,(anonymous_0)
FN:4,(anonymous_1)
FN:13,(anonymous_2)
FN:76,(anonymous_3)
FN:82,(anonymous_4)
FN:90,(anonymous_5)
FN:92,(anonymous_6)
FNF:7
FNH:5
FNDA:4,(anonymous_0)
FNDA:2,(anonymous_1)
FNDA:2,(anonymous_2)
FNDA:1,(anonymous_3)
FNDA:1,(anonymous_4)
FNDA:0,(anonymous_5)
FNDA:0,(anonymous_6)
DA:1,1
DA:3,1
DA:4,4
DA:5,2
DA:6,2
DA:7,1
DA:8,1
DA:9,1
DA:13,4
DA:14,2
DA:15,2
DA:16,2
DA:17,2
DA:18,2
DA:19,0
DA:21,2
DA:22,2
DA:23,2
DA:25,2
DA:26,2
DA:27,0
DA:29,2
DA:30,2
DA:31,0
DA:33,2
DA:34,2
DA:35,2
DA:36,2
DA:37,2
DA:38,2
DA:39,2
DA:40,2
DA:41,2
DA:42,2
DA:44,2
DA:45,2
DA:46,0
DA:47,0
DA:49,2
DA:50,2
DA:51,2
DA:52,2
DA:53,2
DA:54,0
DA:55,0
DA:56,0
DA:60,2
DA:77,1
DA:78,1
DA:79,1
DA:83,1
DA:84,1
DA:90,1
DA:92,0
DA:93,0
LF:55
LH:45
BRDA:6,0,0,1
BRDA:6,0,1,1
BRDA:8,1,0,1
BRDA:8,1,1,0
BRDA:18,2,0,0
BRDA:18,2,1,2
BRDA:22,3,0,2
BRDA:22,3,1,0
BRDA:26,4,0,0
BRDA:26,4,1,2
BRDA:30,5,0,0
BRDA:30,5,1,2
BRDA:44,6,0,2
BRDA:44,6,1,0
BRDA:46,7,0,0
BRDA:46,7,1,0
BRDA:52,8,0,2
BRDA:52,8,1,0
BRDA:55,9,0,0
BRDA:55,9,1,0
BRDA:77,10,0,1
BRDA:77,10,1,0
BRF:22
BRH:10
end_of_record
TN:
SF:D:\Study\Fall2019\CIS557\project\asset\public\javascripts\ProfileController.js
FN:3,(anonymous_0)
FN:16,(anonymous_1)
FN:58,(anonymous_2)
FN:67,(anonymous_3)
FN:72,(anonymous_4)
FN:83,(anonymous_5)
FN:91,(anonymous_6)
FN:94,(anonymous_7)
FN:100,(anonymous_8)
FN:105,(anonymous_9)
FN:111,(anonymous_10)
FN:115,(anonymous_11)
FN:127,(anonymous_12)
FN:129,(anonymous_13)
FN:146,(anonymous_14)
FN:149,(anonymous_15)
FN:164,(anonymous_16)
FN:167,(anonymous_17)
FN:182,(anonymous_18)
FN:185,(anonymous_19)
FNF:20
FNH:15
FNDA:2,(anonymous_0)
FNDA:1,(anonymous_1)
FNDA:0,(anonymous_2)
FNDA:1,(anonymous_3)
FNDA:2,(anonymous_4)
FNDA:1,(anonymous_5)
FNDA:0,(anonymous_6)
FNDA:0,(anonymous_7)
FNDA:0,(anonymous_8)
FNDA:1,(anonymous_9)
FNDA:2,(anonymous_10)
FNDA:1,(anonymous_11)
FNDA:1,(anonymous_12)
FNDA:0,(anonymous_13)
FNDA:1,(anonymous_14)
FNDA:1,(anonymous_15)
FNDA:1,(anonymous_16)
FNDA:1,(anonymous_17)
FNDA:1,(anonymous_18)
FNDA:1,(anonymous_19)
DA:2,1
DA:3,1
DA:4,2
DA:5,2
DA:17,1
DA:18,0
DA:19,0
DA:20,0
DA:21,0
DA:22,0
DA:23,0
DA:24,0
DA:26,0
DA:28,0
DA:29,0
DA:30,0
DA:31,0
DA:33,0
DA:34,0
DA:35,0
DA:38,0
DA:39,0
DA:40,0
DA:41,0
DA:42,0
DA:47,0
DA:48,0
DA:49,0
DA:50,0
DA:51,0
DA:52,0
DA:53,0
DA:58,0
DA:59,0
DA:60,0
DA:61,0
DA:62,0
DA:63,0
DA:65,0
DA:68,1
DA:72,2
DA:73,2
DA:84,1
DA:85,0
DA:86,0
DA:87,0
DA:88,0
DA:89,0
DA:90,0
DA:91,0
DA:92,0
DA:93,0
DA:94,0
DA:95,0
DA:96,0
DA:97,0
DA:100,0
DA:101,0
DA:106,1
DA:111,2
DA:112,2
DA:115,2
DA:116,1
DA:128,1
DA:130,0
DA:135,2
DA:148,1
DA:150,1
DA:154,2
DA:166,1
DA:168,1
DA:172,2
DA:184,1
DA:186,1
LF:74
LH:24
BRDA:17,0,0,0
BRDA:17,0,1,1
BRDA:28,1,0,0
BRDA:28,1,1,0
BRDA:40,2,0,0
BRDA:40,2,1,0
BRDA:49,3,0,0
BRDA:49,3,1,0
BRDA:61,4,0,0
BRDA:61,4,1,0
BRDA:62,5,0,0
BRDA:62,5,1,0
BRDA:84,6,0,0
BRDA:84,6,1,1
BRDA:90,7,0,0
BRDA:90,7,1,0
BRF:16
BRH:2
end_of_record
TN:
SF:D:\Study\Fall2019\CIS557\project\asset\public\javascripts\ReadController.js
FN:12,(anonymous_0)
FN:25,(anonymous_1)
FN:100,(anonymous_2)
FN:109,(anonymous_3)
FN:114,(anonymous_4)
FN:125,(anonymous_5)
FN:133,(anonymous_6)
FN:149,(anonymous_7)
FN:152,(anonymous_8)
FN:167,(anonymous_9)
FN:170,(anonymous_10)
FN:175,(anonymous_11)
FN:185,(anonymous_12)
FN:191,(anonymous_13)
FN:207,(anonymous_14)
FN:209,(anonymous_15)
FN:214,(anonymous_16)
FN:230,(anonymous_17)
FN:238,(anonymous_18)
FNF:19
FNH:17
FNDA:7,(anonymous_0)
FNDA:6,(anonymous_1)
FNDA:0,(anonymous_2)
FNDA:1,(anonymous_3)
FNDA:3,(anonymous_4)
FNDA:2,(anonymous_5)
FNDA:1,(anonymous_6)
FNDA:6,(anonymous_7)
FNDA:1,(anonymous_8)
FNDA:6,(anonymous_9)
FNDA:1,(anonymous_10)
FNDA:1,(anonymous_11)
FNDA:1,(anonymous_12)
FNDA:0,(anonymous_13)
FNDA:6,(anonymous_14)
FNDA:1,(anonymous_15)
FNDA:3,(anonymous_16)
FNDA:2,(anonymous_17)
FNDA:1,(anonymous_18)
DA:5,1
DA:6,1
DA:8,1
DA:12,1
DA:13,7
DA:15,7
DA:26,6
DA:27,5
DA:28,5
DA:29,5
DA:30,5
DA:31,5
DA:32,5
DA:33,5
DA:34,5
DA:35,5
DA:36,5
DA:38,5
DA:39,5
DA:40,5
DA:41,5
DA:42,5
DA:46,5
DA:47,5
DA:48,5
DA:49,5
DA:51,0
DA:52,0
DA:53,0
DA:57,5
DA:58,5
DA:59,5
DA:60,5
DA:61,5
DA:66,5
DA:67,5
DA:68,5
DA:69,5
DA:70,5
DA:71,5
DA:72,0
DA:73,0
DA:74,0
DA:76,0
DA:77,0
DA:80,5
DA:85,5
DA:86,5
DA:87,0
DA:89,0
DA:90,0
DA:93,5
DA:94,0
DA:96,5
DA:100,5
DA:101,0
DA:102,0
DA:103,0
DA:104,0
DA:105,0
DA:107,5
DA:110,1
DA:114,7
DA:115,3
DA:126,2
DA:127,2
DA:128,2
DA:129,2
DA:130,2
DA:131,2
DA:134,1
DA:139,7
DA:150,6
DA:151,6
DA:153,1
DA:157,7
DA:168,6
DA:169,6
DA:171,1
DA:175,7
DA:176,1
DA:177,1
DA:186,1
DA:187,1
DA:188,0
DA:189,0
DA:192,0
DA:197,7
DA:208,6
DA:210,1
DA:214,7
DA:215,3
DA:216,3
DA:217,3
DA:218,3
DA:231,2
DA:232,0
DA:233,0
DA:234,2
DA:235,0
DA:236,0
DA:239,1
LF:102
LH:78
BRDA:26,0,0,5
BRDA:26,0,1,1
BRDA:40,1,0,5
BRDA:40,1,1,0
BRDA:46,2,0,5
BRDA:46,2,1,0
BRDA:59,3,0,5
BRDA:59,3,1,0
BRDA:68,4,0,5
BRDA:68,4,1,0
BRDA:72,5,0,0
BRDA:72,5,1,0
BRDA:72,6,0,0
BRDA:72,6,1,0
BRDA:87,7,0,0
BRDA:87,7,1,0
BRDA:87,8,0,0
BRDA:87,8,1,0
BRDA:93,9,0,0
BRDA:93,9,1,5
BRDA:103,10,0,0
BRDA:103,10,1,0
BRDA:104,11,0,0
BRDA:104,11,1,0
BRDA:126,12,0,2
BRDA:126,12,1,0
BRDA:186,13,0,1
BRDA:186,13,1,0
BRDA:188,14,0,0
BRDA:188,14,1,0
BRDA:231,15,0,0
BRDA:231,15,1,2
BRDA:234,16,0,0
BRDA:234,16,1,2
BRF:34
BRH:11
end_of_record
